{"/home/travis/build/npmtest/node-npmtest-serializr/test.js":{"path":"/home/travis/build/npmtest/node-npmtest-serializr/test.js","s":{"1":2,"2":2,"3":2,"4":2,"5":2,"6":2,"7":2,"8":1,"9":2,"10":2,"11":1,"12":1,"13":1,"14":1,"15":2,"16":2,"17":2,"18":2,"19":1,"20":1,"21":2,"22":2,"23":2,"24":1,"25":1,"26":1,"27":1,"28":1,"29":1,"30":1,"31":1,"32":1,"33":1,"34":1,"35":1,"36":1,"37":1,"38":1,"39":2,"40":2,"41":1,"42":2,"43":2,"44":1,"45":2,"46":2,"47":1,"48":2,"49":2,"50":1,"51":1,"52":1,"53":1,"54":1},"b":{"1":[2,1,1,1],"2":[1,1,1,1],"3":[1,1],"4":[1,1],"5":[1,1],"6":[1,1],"7":[1,1],"8":[1,1],"9":[1,1],"10":[1,1,1],"11":[1,1],"12":[1,1],"13":[1,1],"14":[1,1],"15":[1,1],"16":[1,1],"17":[1,1]},"f":{"1":2,"2":2,"3":2,"4":2,"5":2,"6":1,"7":1,"8":1,"9":2,"10":2,"11":2,"12":2,"13":1},"fnMap":{"1":{"name":"(anonymous_1)","line":12,"loc":{"start":{"line":12,"column":1},"end":{"line":12,"column":13}}},"2":{"name":"(anonymous_2)","line":19,"loc":{"start":{"line":19,"column":5},"end":{"line":19,"column":17}}},"3":{"name":"(anonymous_3)","line":23,"loc":{"start":{"line":23,"column":24},"end":{"line":23,"column":36}}},"4":{"name":"(anonymous_4)","line":61,"loc":{"start":{"line":61,"column":5},"end":{"line":61,"column":17}}},"5":{"name":"(anonymous_5)","line":82,"loc":{"start":{"line":82,"column":5},"end":{"line":82,"column":17}}},"6":{"name":"(anonymous_6)","line":91,"loc":{"start":{"line":91,"column":77},"end":{"line":94,"column":10}}},"7":{"name":"(anonymous_7)","line":112,"loc":{"start":{"line":112,"column":83},"end":{"line":115,"column":10}},"skip":true},"8":{"name":"(anonymous_8)","line":123,"loc":{"start":{"line":123,"column":77},"end":{"line":126,"column":10}},"skip":true},"9":{"name":"(anonymous_9)","line":139,"loc":{"start":{"line":139,"column":12},"end":{"line":139,"column":40}},"skip":true},"10":{"name":"(anonymous_10)","line":147,"loc":{"start":{"line":147,"column":77},"end":{"line":150,"column":10}},"skip":true},"11":{"name":"(anonymous_11)","line":158,"loc":{"start":{"line":158,"column":83},"end":{"line":161,"column":10}},"skip":true},"12":{"name":"(anonymous_12)","line":169,"loc":{"start":{"line":169,"column":79},"end":{"line":172,"column":10}},"skip":true},"13":{"name":"(anonymous_13)","line":180,"loc":{"start":{"line":180,"column":75},"end":{"line":183,"column":10}},"skip":true}},"statementMap":{"1":{"start":{"line":12,"column":0},"end":{"line":195,"column":5}},"2":{"start":{"line":14,"column":4},"end":{"line":14,"column":14}},"3":{"start":{"line":19,"column":4},"end":{"line":56,"column":9}},"4":{"start":{"line":21,"column":8},"end":{"line":21,"column":19}},"5":{"start":{"line":23,"column":8},"end":{"line":35,"column":13}},"6":{"start":{"line":24,"column":12},"end":{"line":34,"column":13}},"7":{"start":{"line":25,"column":16},"end":{"line":28,"column":30}},"8":{"start":{"line":30,"column":16},"end":{"line":33,"column":27}},"9":{"start":{"line":37,"column":8},"end":{"line":39,"column":21}},"10":{"start":{"line":40,"column":8},"end":{"line":53,"column":9}},"11":{"start":{"line":43,"column":12},"end":{"line":46,"column":14}},"12":{"start":{"line":47,"column":12},"end":{"line":47,"column":18}},"13":{"start":{"line":50,"column":12},"end":{"line":51,"column":46}},"14":{"start":{"line":52,"column":12},"end":{"line":52,"column":18}},"15":{"start":{"line":55,"column":8},"end":{"line":55,"column":35}},"16":{"start":{"line":61,"column":4},"end":{"line":63,"column":9}},"17":{"start":{"line":62,"column":8},"end":{"line":62,"column":15}},"18":{"start":{"line":64,"column":4},"end":{"line":77,"column":5}},"19":{"start":{"line":70,"column":8},"end":{"line":70,"column":14}},"20":{"start":{"line":76,"column":8},"end":{"line":76,"column":14}},"21":{"start":{"line":82,"column":4},"end":{"line":84,"column":9}},"22":{"start":{"line":83,"column":8},"end":{"line":83,"column":15}},"23":{"start":{"line":85,"column":4},"end":{"line":194,"column":5}},"24":{"start":{"line":91,"column":8},"end":{"line":99,"column":10}},"25":{"start":{"line":98,"column":12},"end":{"line":98,"column":35}},"26":{"start":{"line":102,"column":8},"end":{"line":104,"column":63}},"27":{"start":{"line":105,"column":8},"end":{"line":105,"column":14}},"28":{"start":{"line":112,"column":8},"end":{"line":121,"column":10},"skip":true},"29":{"start":{"line":119,"column":12},"end":{"line":119,"column":55},"skip":true},"30":{"start":{"line":120,"column":12},"end":{"line":120,"column":48},"skip":true},"31":{"start":{"line":123,"column":8},"end":{"line":136,"column":10},"skip":true},"32":{"start":{"line":130,"column":12},"end":{"line":130,"column":76},"skip":true},"33":{"start":{"line":131,"column":12},"end":{"line":131,"column":73},"skip":true},"34":{"start":{"line":132,"column":12},"end":{"line":132,"column":74},"skip":true},"35":{"start":{"line":133,"column":12},"end":{"line":133,"column":79},"skip":true},"36":{"start":{"line":134,"column":12},"end":{"line":134,"column":25},"skip":true},"37":{"start":{"line":135,"column":12},"end":{"line":135,"column":45},"skip":true},"38":{"start":{"line":138,"column":8},"end":{"line":145,"column":14},"skip":true},"39":{"start":{"line":143,"column":16},"end":{"line":143,"column":29},"skip":true},"40":{"start":{"line":144,"column":16},"end":{"line":144,"column":55},"skip":true},"41":{"start":{"line":147,"column":8},"end":{"line":156,"column":10},"skip":true},"42":{"start":{"line":154,"column":12},"end":{"line":154,"column":25},"skip":true},"43":{"start":{"line":155,"column":12},"end":{"line":155,"column":45},"skip":true},"44":{"start":{"line":158,"column":8},"end":{"line":167,"column":10},"skip":true},"45":{"start":{"line":165,"column":12},"end":{"line":165,"column":25},"skip":true},"46":{"start":{"line":166,"column":12},"end":{"line":166,"column":48},"skip":true},"47":{"start":{"line":169,"column":8},"end":{"line":178,"column":10},"skip":true},"48":{"start":{"line":176,"column":12},"end":{"line":176,"column":25},"skip":true},"49":{"start":{"line":177,"column":12},"end":{"line":177,"column":46},"skip":true},"50":{"start":{"line":180,"column":8},"end":{"line":189,"column":10},"skip":true},"51":{"start":{"line":187,"column":12},"end":{"line":187,"column":94},"skip":true},"52":{"start":{"line":188,"column":12},"end":{"line":188,"column":48},"skip":true},"53":{"start":{"line":192,"column":8},"end":{"line":192,"column":35},"skip":true},"54":{"start":{"line":193,"column":8},"end":{"line":193,"column":14},"skip":true}},"branchMap":{"1":{"line":25,"type":"binary-expr","locations":[{"start":{"line":25,"column":23},"end":{"line":25,"column":62}},{"start":{"line":26,"column":20},"end":{"line":26,"column":70}},{"start":{"line":27,"column":20},"end":{"line":27,"column":71}},{"start":{"line":28,"column":20},"end":{"line":28,"column":29}}]},"2":{"line":30,"type":"binary-expr","locations":[{"start":{"line":30,"column":23},"end":{"line":30,"column":37}},{"start":{"line":31,"column":20},"end":{"line":31,"column":61}},{"start":{"line":32,"column":20},"end":{"line":32,"column":70}},{"start":{"line":33,"column":20},"end":{"line":33,"column":26}}]},"3":{"line":37,"type":"cond-expr","locations":[{"start":{"line":38,"column":14},"end":{"line":38,"column":20}},{"start":{"line":39,"column":14},"end":{"line":39,"column":20}}]},"4":{"line":40,"type":"switch","locations":[{"start":{"line":42,"column":8},"end":{"line":47,"column":18}},{"start":{"line":49,"column":8},"end":{"line":52,"column":18}}]},"5":{"line":44,"type":"binary-expr","locations":[{"start":{"line":44,"column":16},"end":{"line":44,"column":44}},{"start":{"line":44,"column":48},"end":{"line":44,"column":66}}]},"6":{"line":50,"type":"binary-expr","locations":[{"start":{"line":50,"column":21},"end":{"line":50,"column":49}},{"start":{"line":50,"column":53},"end":{"line":50,"column":72}}]},"7":{"line":64,"type":"switch","locations":[{"start":{"line":69,"column":4},"end":{"line":70,"column":14}},{"start":{"line":75,"column":4},"end":{"line":76,"column":14}}]},"8":{"line":85,"type":"switch","locations":[{"start":{"line":90,"column":4},"end":{"line":105,"column":14}},{"start":{"line":111,"column":4},"end":{"line":193,"column":14},"skip":true}]},"9":{"line":91,"type":"binary-expr","locations":[{"start":{"line":91,"column":42},"end":{"line":91,"column":73}},{"start":{"line":91,"column":77},"end":{"line":99,"column":9}}]},"10":{"line":102,"type":"binary-expr","locations":[{"start":{"line":102,"column":18},"end":{"line":102,"column":32}},{"start":{"line":103,"column":12},"end":{"line":103,"column":53}},{"start":{"line":104,"column":12},"end":{"line":104,"column":61}}]},"11":{"line":112,"type":"binary-expr","locations":[{"start":{"line":112,"column":45},"end":{"line":112,"column":79},"skip":true},{"start":{"line":112,"column":83},"end":{"line":121,"column":9},"skip":true}]},"12":{"line":123,"type":"binary-expr","locations":[{"start":{"line":123,"column":42},"end":{"line":123,"column":73},"skip":true},{"start":{"line":123,"column":77},"end":{"line":136,"column":9},"skip":true}]},"13":{"line":138,"type":"binary-expr","locations":[{"start":{"line":138,"column":48},"end":{"line":138,"column":85},"skip":true},{"start":{"line":139,"column":12},"end":{"line":145,"column":13},"skip":true}]},"14":{"line":147,"type":"binary-expr","locations":[{"start":{"line":147,"column":42},"end":{"line":147,"column":73},"skip":true},{"start":{"line":147,"column":77},"end":{"line":156,"column":9},"skip":true}]},"15":{"line":158,"type":"binary-expr","locations":[{"start":{"line":158,"column":45},"end":{"line":158,"column":79},"skip":true},{"start":{"line":158,"column":83},"end":{"line":167,"column":9},"skip":true}]},"16":{"line":169,"type":"binary-expr","locations":[{"start":{"line":169,"column":43},"end":{"line":169,"column":75},"skip":true},{"start":{"line":169,"column":79},"end":{"line":178,"column":9},"skip":true}]},"17":{"line":180,"type":"binary-expr","locations":[{"start":{"line":180,"column":41},"end":{"line":180,"column":71},"skip":true},{"start":{"line":180,"column":75},"end":{"line":189,"column":9},"skip":true}]}},"code":["/* istanbul instrument in package npmtest_serializr */","/*jslint","    bitwise: true,","    browser: true,","    maxerr: 8,","    maxlen: 96,","    node: true,","    nomen: true,","    regexp: true,","    stupid: true","*/","(function () {","    'use strict';","    var local;","","","","    // run shared js-env code - pre-init","    (function () {","        // init local","        local = {};","        // init modeJs","        local.modeJs = (function () {","            try {","                return typeof navigator.userAgent === 'string' &&","                    typeof document.querySelector('body') === 'object' &&","                    typeof XMLHttpRequest.prototype.open === 'function' &&","                    'browser';","            } catch (errorCaughtBrowser) {","                return module.exports &&","                    typeof process.versions.node === 'string' &&","                    typeof require('http').createServer === 'function' &&","                    'node';","            }","        }());","        // init global","        local.global = local.modeJs === 'browser'","            ? window","            : global;","        switch (local.modeJs) {","        // re-init local from window.local","        case 'browser':","            local = local.global.utility2.objectSetDefault(","                local.global.utility2_rollup || local.global.local,","                local.global.utility2","            );","            break;","        // re-init local from example.js","        case 'node':","            local = (local.global.utility2_rollup || require('utility2'))","                .requireExampleJsFromReadme();","            break;","        }","        // export local","        local.global.local = local;","    }());","","","","    // run shared js-env code - function","    (function () {","        return;","    }());","    switch (local.modeJs) {","","","","    // run browser js-env code - function","    case 'browser':","        break;","","","","    // run node js-env code - function","    case 'node':","        break;","    }","","","","    // run shared js-env code - post-init","    (function () {","        return;","    }());","    switch (local.modeJs) {","","","","    // run browser js-env code - post-init","    case 'browser':","        local.testCase_browser_nullCase = local.testCase_browser_nullCase || function (","            options,","            onError","        ) {","        /*","         * this function will test browsers's null-case handling-behavior-behavior","         */","            onError(null, options);","        };","","        // run tests","        local.nop(local.modeTest &&","            document.querySelector('#testRunButton1') &&","            document.querySelector('#testRunButton1').click());","        break;","","","","    // run node js-env code - post-init","    /* istanbul ignore next */","    case 'node':","        local.testCase_buildApidoc_default = local.testCase_buildApidoc_default || function (","            options,","            onError","        ) {","        /*","         * this function will test buildApidoc's default handling-behavior-behavior","         */","            options = { modulePathList: module.paths };","            local.buildApidoc(options, onError);","        };","","        local.testCase_buildApp_default = local.testCase_buildApp_default || function (","            options,","            onError","        ) {","        /*","         * this function will test buildApp's default handling-behavior-behavior","         */","            local.testCase_buildReadme_default(options, local.onErrorThrow);","            local.testCase_buildLib_default(options, local.onErrorThrow);","            local.testCase_buildTest_default(options, local.onErrorThrow);","            local.testCase_buildCustomOrg_default(options, local.onErrorThrow);","            options = [];","            local.buildApp(options, onError);","        };","","        local.testCase_buildCustomOrg_default = local.testCase_buildCustomOrg_default ||","            function (options, onError) {","            /*","             * this function will test buildCustomOrg's default handling-behavior","             */","                options = {};","                local.buildCustomOrg(options, onError);","            };","","        local.testCase_buildLib_default = local.testCase_buildLib_default || function (","            options,","            onError","        ) {","        /*","         * this function will test buildLib's default handling-behavior","         */","            options = {};","            local.buildLib(options, onError);","        };","","        local.testCase_buildReadme_default = local.testCase_buildReadme_default || function (","            options,","            onError","        ) {","        /*","         * this function will test buildReadme's default handling-behavior-behavior","         */","            options = {};","            local.buildReadme(options, onError);","        };","","        local.testCase_buildTest_default = local.testCase_buildTest_default || function (","            options,","            onError","        ) {","        /*","         * this function will test buildTest's default handling-behavior","         */","            options = {};","            local.buildTest(options, onError);","        };","","        local.testCase_webpage_default = local.testCase_webpage_default || function (","            options,","            onError","        ) {","        /*","         * this function will test webpage's default handling-behavior","         */","            options = { modeCoverageMerge: true, url: local.serverLocalHost + '?modeTest=1' };","            local.browserTest(options, onError);","        };","","        // run test-server","        local.testRunServer(local);","        break;","    }","}());",""],"l":{"12":2,"14":2,"19":2,"21":2,"23":2,"24":2,"25":2,"30":1,"37":2,"40":2,"43":1,"47":1,"50":1,"52":1,"55":2,"61":2,"62":2,"64":2,"70":1,"76":1,"82":2,"83":2,"85":2,"91":1,"98":1,"102":1,"105":1,"112":1,"119":1,"120":1,"123":1,"130":1,"131":1,"132":1,"133":1,"134":1,"135":1,"138":1,"143":2,"144":2,"147":1,"154":2,"155":2,"158":1,"165":2,"166":2,"169":1,"176":2,"177":2,"180":1,"187":1,"188":1,"192":1,"193":1}},"/home/travis/build/npmtest/node-npmtest-serializr/lib.npmtest_serializr.js":{"path":"/home/travis/build/npmtest/node-npmtest-serializr/lib.npmtest_serializr.js","s":{"1":2,"2":2,"3":2,"4":2,"5":2,"6":2,"7":2,"8":1,"9":2,"10":2,"11":2,"12":2,"13":1,"14":1,"15":1,"16":1},"b":{"1":[2,1,1,1],"2":[1,1,1,1],"3":[1,1],"4":[2,2],"5":[1,1]},"f":{"1":2,"2":2,"3":2},"fnMap":{"1":{"name":"(anonymous_1)","line":12,"loc":{"start":{"line":12,"column":1},"end":{"line":12,"column":13}}},"2":{"name":"(anonymous_2)","line":19,"loc":{"start":{"line":19,"column":5},"end":{"line":19,"column":17}}},"3":{"name":"(anonymous_3)","line":23,"loc":{"start":{"line":23,"column":24},"end":{"line":23,"column":36}}}},"statementMap":{"1":{"start":{"line":12,"column":0},"end":{"line":53,"column":5}},"2":{"start":{"line":14,"column":4},"end":{"line":14,"column":14}},"3":{"start":{"line":19,"column":4},"end":{"line":52,"column":9}},"4":{"start":{"line":21,"column":8},"end":{"line":21,"column":19}},"5":{"start":{"line":23,"column":8},"end":{"line":35,"column":13}},"6":{"start":{"line":24,"column":12},"end":{"line":34,"column":13}},"7":{"start":{"line":25,"column":16},"end":{"line":28,"column":30}},"8":{"start":{"line":30,"column":16},"end":{"line":33,"column":27}},"9":{"start":{"line":37,"column":8},"end":{"line":39,"column":21}},"10":{"start":{"line":41,"column":8},"end":{"line":41,"column":54}},"11":{"start":{"line":43,"column":8},"end":{"line":43,"column":54}},"12":{"start":{"line":45,"column":8},"end":{"line":51,"column":9}},"13":{"start":{"line":46,"column":12},"end":{"line":46,"column":60}},"14":{"start":{"line":48,"column":12},"end":{"line":48,"column":35}},"15":{"start":{"line":49,"column":12},"end":{"line":49,"column":49}},"16":{"start":{"line":50,"column":12},"end":{"line":50,"column":43}}},"branchMap":{"1":{"line":25,"type":"binary-expr","locations":[{"start":{"line":25,"column":23},"end":{"line":25,"column":62}},{"start":{"line":26,"column":20},"end":{"line":26,"column":70}},{"start":{"line":27,"column":20},"end":{"line":27,"column":71}},{"start":{"line":28,"column":20},"end":{"line":28,"column":29}}]},"2":{"line":30,"type":"binary-expr","locations":[{"start":{"line":30,"column":23},"end":{"line":30,"column":37}},{"start":{"line":31,"column":20},"end":{"line":31,"column":61}},{"start":{"line":32,"column":20},"end":{"line":32,"column":70}},{"start":{"line":33,"column":20},"end":{"line":33,"column":26}}]},"3":{"line":37,"type":"cond-expr","locations":[{"start":{"line":38,"column":14},"end":{"line":38,"column":20}},{"start":{"line":39,"column":14},"end":{"line":39,"column":20}}]},"4":{"line":41,"type":"binary-expr","locations":[{"start":{"line":41,"column":16},"end":{"line":41,"column":44}},{"start":{"line":41,"column":48},"end":{"line":41,"column":53}}]},"5":{"line":45,"type":"if","locations":[{"start":{"line":45,"column":8},"end":{"line":45,"column":8}},{"start":{"line":45,"column":8},"end":{"line":45,"column":8}}]}},"code":["/* istanbul instrument in package npmtest_serializr */","/*jslint","    bitwise: true,","    browser: true,","    maxerr: 8,","    maxlen: 96,","    node: true,","    nomen: true,","    regexp: true,","    stupid: true","*/","(function () {","    'use strict';","    var local;","","","","    // run shared js-env code - pre-init","    (function () {","        // init local","        local = {};","        // init modeJs","        local.modeJs = (function () {","            try {","                return typeof navigator.userAgent === 'string' &&","                    typeof document.querySelector('body') === 'object' &&","                    typeof XMLHttpRequest.prototype.open === 'function' &&","                    'browser';","            } catch (errorCaughtBrowser) {","                return module.exports &&","                    typeof process.versions.node === 'string' &&","                    typeof require('http').createServer === 'function' &&","                    'node';","            }","        }());","        // init global","        local.global = local.modeJs === 'browser'","            ? window","            : global;","        // init utility2_rollup","        local = local.global.utility2_rollup || local;","        // init lib","        local.local = local.npmtest_serializr = local;","        // init exports","        if (local.modeJs === 'browser') {","            local.global.utility2_npmtest_serializr = local;","        } else {","            module.exports = local;","            module.exports.__dirname = __dirname;","            module.exports.module = module;","        }","    }());","}());",""],"l":{"12":2,"14":2,"19":2,"21":2,"23":2,"24":2,"25":2,"30":1,"37":2,"41":2,"43":2,"45":2,"46":1,"48":1,"49":1,"50":1}},"/home/travis/build/npmtest/node-npmtest-serializr/example.js":{"path":"/home/travis/build/npmtest/node-npmtest-serializr/example.js","s":{"1":2,"2":2,"3":2,"4":2,"5":2,"6":2,"7":2,"8":1,"9":2,"10":2,"11":2,"12":2,"13":1,"14":2,"15":2,"16":2,"17":2,"18":2,"19":0,"20":2,"21":1,"22":1,"23":1,"24":1,"25":1,"26":0,"27":0,"28":1,"29":1,"30":2,"31":0,"32":0,"33":0,"34":1,"35":2,"36":2,"37":3,"38":3,"39":3,"40":3,"41":0,"42":3,"43":3,"44":3,"45":1,"46":3,"47":1,"48":1,"49":1,"50":1,"51":1,"52":1,"53":1,"54":1,"55":1,"56":1,"57":0,"58":1,"59":6,"60":6,"61":1,"62":2,"63":0,"64":2,"65":1,"66":1,"67":0,"68":0,"69":0,"70":0,"71":0,"72":0,"73":0,"74":0,"75":0,"76":0,"77":0,"78":0,"79":0,"80":0,"81":0,"82":0,"83":0},"b":{"1":[2,1,1,1],"2":[1,1,1,1],"3":[1,1],"4":[2,2],"5":[1,1],"6":[1,1],"7":[2,0],"8":[2,1,1,1,1,1],"9":[0,2,0],"10":[1,1],"11":[2,1,1],"12":[1,0],"13":[0,2],"14":[2,0,0,0,0,0,0],"15":[0,3],"16":[3,0],"17":[1,1],"18":[0,1],"19":[1,2,0,2],"20":[1,0],"21":[1,1],"22":[0,0],"23":[0,0],"24":[0,0],"25":[0,0],"26":[0,0],"27":[0,0],"28":[0,0]},"f":{"1":2,"2":2,"3":2,"4":2,"5":2,"6":2,"7":3,"8":3,"9":3,"10":1,"11":6,"12":0},"fnMap":{"1":{"name":"(anonymous_1)","line":26,"loc":{"start":{"line":26,"column":1},"end":{"line":26,"column":13}}},"2":{"name":"(anonymous_2)","line":33,"loc":{"start":{"line":33,"column":5},"end":{"line":33,"column":17}}},"3":{"name":"(anonymous_3)","line":37,"loc":{"start":{"line":37,"column":24},"end":{"line":37,"column":36}}},"4":{"name":"(anonymous_4)","line":69,"loc":{"start":{"line":69,"column":31},"end":{"line":69,"column":48}},"skip":true},"5":{"name":"(anonymous_5)","line":78,"loc":{"start":{"line":78,"column":26},"end":{"line":78,"column":45}},"skip":true},"6":{"name":"(anonymous_6)","line":123,"loc":{"start":{"line":123,"column":33},"end":{"line":123,"column":48}},"skip":true},"7":{"name":"(anonymous_7)","line":125,"loc":{"start":{"line":125,"column":27},"end":{"line":125,"column":39}},"skip":true},"8":{"name":"(anonymous_8)","line":133,"loc":{"start":{"line":133,"column":59},"end":{"line":133,"column":74}},"skip":true},"9":{"name":"(anonymous_9)","line":143,"loc":{"start":{"line":143,"column":45},"end":{"line":143,"column":62}},"skip":true},"10":{"name":"(anonymous_10)","line":144,"loc":{"start":{"line":144,"column":73},"end":{"line":144,"column":92}},"skip":true},"11":{"name":"(anonymous_11)","line":272,"loc":{"start":{"line":272,"column":51},"end":{"line":272,"column":77}},"skip":true},"12":{"name":"(anonymous_12)","line":315,"loc":{"start":{"line":315,"column":32},"end":{"line":315,"column":61}},"skip":true}},"statementMap":{"1":{"start":{"line":26,"column":0},"end":{"line":326,"column":5}},"2":{"start":{"line":28,"column":4},"end":{"line":28,"column":14}},"3":{"start":{"line":33,"column":4},"end":{"line":60,"column":9}},"4":{"start":{"line":35,"column":8},"end":{"line":35,"column":19}},"5":{"start":{"line":37,"column":8},"end":{"line":49,"column":13}},"6":{"start":{"line":38,"column":12},"end":{"line":48,"column":13}},"7":{"start":{"line":39,"column":16},"end":{"line":42,"column":30}},"8":{"start":{"line":44,"column":16},"end":{"line":47,"column":27}},"9":{"start":{"line":51,"column":8},"end":{"line":53,"column":21}},"10":{"start":{"line":55,"column":8},"end":{"line":57,"column":45}},"11":{"start":{"line":59,"column":8},"end":{"line":59,"column":35}},"12":{"start":{"line":61,"column":4},"end":{"line":325,"column":5}},"13":{"start":{"line":69,"column":8},"end":{"line":121,"column":10},"skip":true},"14":{"start":{"line":70,"column":12},"end":{"line":88,"column":13},"skip":true},"15":{"start":{"line":76,"column":16},"end":{"line":87,"column":19},"skip":true},"16":{"start":{"line":79,"column":20},"end":{"line":86,"column":21},"skip":true},"17":{"start":{"line":82,"column":24},"end":{"line":82,"column":43},"skip":true},"18":{"start":{"line":83,"column":24},"end":{"line":83,"column":30},"skip":true},"19":{"start":{"line":85,"column":24},"end":{"line":85,"column":49},"skip":true},"20":{"start":{"line":89,"column":12},"end":{"line":107,"column":13},"skip":true},"21":{"start":{"line":92,"column":16},"end":{"line":102,"column":17},"skip":true},"22":{"start":{"line":93,"column":20},"end":{"line":93,"column":86},"skip":true},"23":{"start":{"line":94,"column":20},"end":{"line":95,"column":45},"skip":true},"24":{"start":{"line":96,"column":20},"end":{"line":96,"column":42},"skip":true},"25":{"start":{"line":97,"column":20},"end":{"line":97,"column":48},"skip":true},"26":{"start":{"line":100,"column":20},"end":{"line":100,"column":85},"skip":true},"27":{"start":{"line":101,"column":20},"end":{"line":101,"column":96},"skip":true},"28":{"start":{"line":103,"column":16},"end":{"line":103,"column":22},"skip":true},"29":{"start":{"line":106,"column":16},"end":{"line":106,"column":22},"skip":true},"30":{"start":{"line":108,"column":12},"end":{"line":120,"column":13},"skip":true},"31":{"start":{"line":114,"column":16},"end":{"line":119,"column":17},"skip":true},"32":{"start":{"line":116,"column":20},"end":{"line":116,"column":78},"skip":true},"33":{"start":{"line":118,"column":20},"end":{"line":118,"column":47},"skip":true},"34":{"start":{"line":123,"column":8},"end":{"line":141,"column":11},"skip":true},"35":{"start":{"line":124,"column":12},"end":{"line":124,"column":54},"skip":true},"36":{"start":{"line":125,"column":12},"end":{"line":140,"column":14},"skip":true},"37":{"start":{"line":126,"column":16},"end":{"line":126,"column":28},"skip":true},"38":{"start":{"line":127,"column":16},"end":{"line":127,"column":69},"skip":true},"39":{"start":{"line":128,"column":16},"end":{"line":128,"column":75},"skip":true},"40":{"start":{"line":129,"column":16},"end":{"line":131,"column":17},"skip":true},"41":{"start":{"line":130,"column":20},"end":{"line":130,"column":27},"skip":true},"42":{"start":{"line":133,"column":16},"end":{"line":137,"column":36},"skip":true},"43":{"start":{"line":134,"column":20},"end":{"line":136,"column":55},"skip":true},"44":{"start":{"line":139,"column":16},"end":{"line":139,"column":57},"skip":true},"45":{"start":{"line":143,"column":8},"end":{"line":147,"column":11},"skip":true},"46":{"start":{"line":144,"column":12},"end":{"line":146,"column":15},"skip":true},"47":{"start":{"line":145,"column":16},"end":{"line":145,"column":70},"skip":true},"48":{"start":{"line":149,"column":8},"end":{"line":149,"column":31},"skip":true},"49":{"start":{"line":150,"column":8},"end":{"line":150,"column":14},"skip":true},"50":{"start":{"line":158,"column":8},"end":{"line":158,"column":31},"skip":true},"51":{"start":{"line":160,"column":8},"end":{"line":160,"column":33},"skip":true},"52":{"start":{"line":161,"column":8},"end":{"line":161,"column":37},"skip":true},"53":{"start":{"line":162,"column":8},"end":{"line":162,"column":35},"skip":true},"54":{"start":{"line":164,"column":8},"end":{"line":164,"column":50},"skip":true},"55":{"start":{"line":166,"column":8},"end":{"line":256,"column":2},"skip":true},"56":{"start":{"line":258,"column":8},"end":{"line":286,"column":9},"skip":true},"57":{"start":{"line":259,"column":12},"end":{"line":269,"column":14},"skip":true},"58":{"start":{"line":271,"column":12},"end":{"line":285,"column":19},"skip":true},"59":{"start":{"line":274,"column":20},"end":{"line":274,"column":35},"skip":true},"60":{"start":{"line":275,"column":20},"end":{"line":284,"column":21},"skip":true},"61":{"start":{"line":277,"column":24},"end":{"line":277,"column":64},"skip":true},"62":{"start":{"line":279,"column":24},"end":{"line":279,"column":40},"skip":true},"63":{"start":{"line":281,"column":24},"end":{"line":281,"column":40},"skip":true},"64":{"start":{"line":283,"column":24},"end":{"line":283,"column":39},"skip":true},"65":{"start":{"line":288,"column":8},"end":{"line":290,"column":9},"skip":true},"66":{"start":{"line":289,"column":12},"end":{"line":289,"column":18},"skip":true},"67":{"start":{"line":291,"column":8},"end":{"line":293,"column":54},"skip":true},"68":{"start":{"line":296,"column":8},"end":{"line":301,"column":37},"skip":true},"69":{"start":{"line":303,"column":8},"end":{"line":303,"column":82},"skip":true},"70":{"start":{"line":306,"column":8},"end":{"line":308,"column":9},"skip":true},"71":{"start":{"line":307,"column":12},"end":{"line":307,"column":82},"skip":true},"72":{"start":{"line":310,"column":8},"end":{"line":312,"column":9},"skip":true},"73":{"start":{"line":311,"column":12},"end":{"line":311,"column":18},"skip":true},"74":{"start":{"line":313,"column":8},"end":{"line":313,"column":54},"skip":true},"75":{"start":{"line":314,"column":8},"end":{"line":314,"column":69},"skip":true},"76":{"start":{"line":315,"column":8},"end":{"line":323,"column":36},"skip":true},"77":{"start":{"line":316,"column":12},"end":{"line":316,"column":61},"skip":true},"78":{"start":{"line":317,"column":12},"end":{"line":320,"column":13},"skip":true},"79":{"start":{"line":318,"column":16},"end":{"line":318,"column":75},"skip":true},"80":{"start":{"line":319,"column":16},"end":{"line":319,"column":23},"skip":true},"81":{"start":{"line":321,"column":12},"end":{"line":321,"column":38},"skip":true},"82":{"start":{"line":322,"column":12},"end":{"line":322,"column":27},"skip":true},"83":{"start":{"line":324,"column":8},"end":{"line":324,"column":14},"skip":true}},"branchMap":{"1":{"line":39,"type":"binary-expr","locations":[{"start":{"line":39,"column":23},"end":{"line":39,"column":62}},{"start":{"line":40,"column":20},"end":{"line":40,"column":70}},{"start":{"line":41,"column":20},"end":{"line":41,"column":71}},{"start":{"line":42,"column":20},"end":{"line":42,"column":29}}]},"2":{"line":44,"type":"binary-expr","locations":[{"start":{"line":44,"column":23},"end":{"line":44,"column":37}},{"start":{"line":45,"column":20},"end":{"line":45,"column":61}},{"start":{"line":46,"column":20},"end":{"line":46,"column":70}},{"start":{"line":47,"column":20},"end":{"line":47,"column":26}}]},"3":{"line":51,"type":"cond-expr","locations":[{"start":{"line":52,"column":14},"end":{"line":52,"column":20}},{"start":{"line":53,"column":14},"end":{"line":53,"column":20}}]},"4":{"line":55,"type":"binary-expr","locations":[{"start":{"line":55,"column":16},"end":{"line":55,"column":44}},{"start":{"line":55,"column":49},"end":{"line":57,"column":43}}]},"5":{"line":55,"type":"cond-expr","locations":[{"start":{"line":56,"column":14},"end":{"line":56,"column":53}},{"start":{"line":57,"column":14},"end":{"line":57,"column":43}}]},"6":{"line":61,"type":"switch","locations":[{"start":{"line":68,"column":4},"end":{"line":150,"column":14},"skip":true},{"start":{"line":156,"column":4},"end":{"line":324,"column":14},"skip":true}]},"7":{"line":70,"type":"if","locations":[{"start":{"line":70,"column":12},"end":{"line":70,"column":12},"skip":true},{"start":{"line":70,"column":12},"end":{"line":70,"column":12},"skip":true}]},"8":{"line":70,"type":"binary-expr","locations":[{"start":{"line":70,"column":16},"end":{"line":70,"column":22},"skip":true},{"start":{"line":70,"column":27},"end":{"line":70,"column":32},"skip":true},{"start":{"line":71,"column":20},"end":{"line":71,"column":39},"skip":true},{"start":{"line":72,"column":20},"end":{"line":72,"column":49},"skip":true},{"start":{"line":73,"column":20},"end":{"line":73,"column":58},"skip":true},{"start":{"line":74,"column":20},"end":{"line":74,"column":69},"skip":true}]},"9":{"line":79,"type":"switch","locations":[{"start":{"line":80,"column":20},"end":{"line":80,"column":33},"skip":true},{"start":{"line":81,"column":20},"end":{"line":83,"column":30},"skip":true},{"start":{"line":84,"column":20},"end":{"line":85,"column":49},"skip":true}]},"10":{"line":89,"type":"switch","locations":[{"start":{"line":90,"column":12},"end":{"line":103,"column":22},"skip":true},{"start":{"line":105,"column":12},"end":{"line":106,"column":22},"skip":true}]},"11":{"line":89,"type":"binary-expr","locations":[{"start":{"line":89,"column":20},"end":{"line":89,"column":25},"skip":true},{"start":{"line":89,"column":29},"end":{"line":89,"column":48},"skip":true},{"start":{"line":89,"column":52},"end":{"line":89,"column":74},"skip":true}]},"12":{"line":92,"type":"if","locations":[{"start":{"line":92,"column":16},"end":{"line":92,"column":16},"skip":true},{"start":{"line":92,"column":16},"end":{"line":92,"column":16},"skip":true}]},"13":{"line":108,"type":"if","locations":[{"start":{"line":108,"column":12},"end":{"line":108,"column":12},"skip":true},{"start":{"line":108,"column":12},"end":{"line":108,"column":12},"skip":true}]},"14":{"line":108,"type":"binary-expr","locations":[{"start":{"line":108,"column":16},"end":{"line":108,"column":61},"skip":true},{"start":{"line":108,"column":66},"end":{"line":108,"column":72},"skip":true},{"start":{"line":108,"column":77},"end":{"line":108,"column":82},"skip":true},{"start":{"line":109,"column":20},"end":{"line":109,"column":39},"skip":true},{"start":{"line":110,"column":20},"end":{"line":110,"column":49},"skip":true},{"start":{"line":111,"column":20},"end":{"line":111,"column":58},"skip":true},{"start":{"line":112,"column":20},"end":{"line":112,"column":68},"skip":true}]},"15":{"line":129,"type":"if","locations":[{"start":{"line":129,"column":16},"end":{"line":129,"column":16},"skip":true},{"start":{"line":129,"column":16},"end":{"line":129,"column":16},"skip":true}]},"16":{"line":134,"type":"cond-expr","locations":[{"start":{"line":135,"column":26},"end":{"line":135,"column":29},"skip":true},{"start":{"line":136,"column":26},"end":{"line":136,"column":54},"skip":true}]},"17":{"line":164,"type":"binary-expr","locations":[{"start":{"line":164,"column":27},"end":{"line":164,"column":43},"skip":true},{"start":{"line":164,"column":47},"end":{"line":164,"column":49},"skip":true}]},"18":{"line":258,"type":"if","locations":[{"start":{"line":258,"column":8},"end":{"line":258,"column":8},"skip":true},{"start":{"line":258,"column":8},"end":{"line":258,"column":8},"skip":true}]},"19":{"line":275,"type":"switch","locations":[{"start":{"line":276,"column":20},"end":{"line":277,"column":64},"skip":true},{"start":{"line":278,"column":20},"end":{"line":279,"column":40},"skip":true},{"start":{"line":280,"column":20},"end":{"line":281,"column":40},"skip":true},{"start":{"line":282,"column":20},"end":{"line":283,"column":39},"skip":true}]},"20":{"line":288,"type":"if","locations":[{"start":{"line":288,"column":8},"end":{"line":288,"column":8},"skip":true},{"start":{"line":288,"column":8},"end":{"line":288,"column":8},"skip":true}]},"21":{"line":288,"type":"binary-expr","locations":[{"start":{"line":288,"column":12},"end":{"line":288,"column":40},"skip":true},{"start":{"line":288,"column":44},"end":{"line":288,"column":67},"skip":true}]},"22":{"line":292,"type":"binary-expr","locations":[{"start":{"line":292,"column":12},"end":{"line":292,"column":50},"skip":true},{"start":{"line":293,"column":12},"end":{"line":293,"column":53},"skip":true}]},"23":{"line":297,"type":"binary-expr","locations":[{"start":{"line":297,"column":12},"end":{"line":297,"column":67},"skip":true},{"start":{"line":298,"column":12},"end":{"line":301,"column":36},"skip":true}]},"24":{"line":303,"type":"binary-expr","locations":[{"start":{"line":303,"column":43},"end":{"line":303,"column":75},"skip":true},{"start":{"line":303,"column":79},"end":{"line":303,"column":81},"skip":true}]},"25":{"line":306,"type":"if","locations":[{"start":{"line":306,"column":8},"end":{"line":306,"column":8},"skip":true},{"start":{"line":306,"column":8},"end":{"line":306,"column":8},"skip":true}]},"26":{"line":310,"type":"if","locations":[{"start":{"line":310,"column":8},"end":{"line":310,"column":8},"skip":true},{"start":{"line":310,"column":8},"end":{"line":310,"column":8},"skip":true}]},"27":{"line":313,"type":"binary-expr","locations":[{"start":{"line":313,"column":27},"end":{"line":313,"column":43},"skip":true},{"start":{"line":313,"column":47},"end":{"line":313,"column":53},"skip":true}]},"28":{"line":317,"type":"if","locations":[{"start":{"line":317,"column":12},"end":{"line":317,"column":12},"skip":true},{"start":{"line":317,"column":12},"end":{"line":317,"column":12},"skip":true}]}},"code":["/*","example.js","","quickstart example","","instruction","    1. save this script as example.js","    2. run the shell command:","        $ npm install npmtest-serializr && PORT=8081 node example.js","    3. play with the browser-demo on http://127.0.0.1:8081","*/","","","","/* istanbul instrument in package npmtest_serializr */","/*jslint","    bitwise: true,","    browser: true,","    maxerr: 8,","    maxlen: 96,","    node: true,","    nomen: true,","    regexp: true,","    stupid: true","*/","(function () {","    'use strict';","    var local;","","","","    // run shared js-env code - pre-init","    (function () {","        // init local","        local = {};","        // init modeJs","        local.modeJs = (function () {","            try {","                return typeof navigator.userAgent === 'string' &&","                    typeof document.querySelector('body') === 'object' &&","                    typeof XMLHttpRequest.prototype.open === 'function' &&","                    'browser';","            } catch (errorCaughtBrowser) {","                return module.exports &&","                    typeof process.versions.node === 'string' &&","                    typeof require('http').createServer === 'function' &&","                    'node';","            }","        }());","        // init global","        local.global = local.modeJs === 'browser'","            ? window","            : global;","        // init utility2_rollup","        local = local.global.utility2_rollup || (local.modeJs === 'browser'","            ? local.global.utility2_npmtest_serializr","            : global.utility2_moduleExports);","        // export local","        local.global.local = local;","    }());","    switch (local.modeJs) {","","","","    // post-init","    // run browser js-env code - post-init","    /* istanbul ignore next */","    case 'browser':","        local.testRunBrowser = function (event) {","            if (!event || (event &&","                    event.currentTarget &&","                    event.currentTarget.className &&","                    event.currentTarget.className.includes &&","                    event.currentTarget.className.includes('onreset'))) {","                // reset output","                Array.from(","                    document.querySelectorAll('body > .resettable')","                ).forEach(function (element) {","                    switch (element.tagName) {","                    case 'INPUT':","                    case 'TEXTAREA':","                        element.value = '';","                        break;","                    default:","                        element.textContent = '';","                    }","                });","            }","            switch (event && event.currentTarget && event.currentTarget.id) {","            case 'testRunButton1':","                // show tests","                if (document.querySelector('#testReportDiv1').style.display === 'none') {","                    document.querySelector('#testReportDiv1').style.display = 'block';","                    document.querySelector('#testRunButton1').textContent =","                        'hide internal test';","                    local.modeTest = true;","                    local.testRunDefault(local);","                // hide tests","                } else {","                    document.querySelector('#testReportDiv1').style.display = 'none';","                    document.querySelector('#testRunButton1').textContent = 'run internal test';","                }","                break;","            // custom-case","            default:","                break;","            }","            if (document.querySelector('#inputTextareaEval1') && (!event || (event &&","                    event.currentTarget &&","                    event.currentTarget.className &&","                    event.currentTarget.className.includes &&","                    event.currentTarget.className.includes('oneval')))) {","                // try to eval input-code","                try {","                    /*jslint evil: true*/","                    eval(document.querySelector('#inputTextareaEval1').value);","                } catch (errorCaught) {","                    console.error(errorCaught);","                }","            }","        };","        // log stderr and stdout to #outputTextareaStdout1","        ['error', 'log'].forEach(function (key) {","            console[key + '_original'] = console[key];","            console[key] = function () {","                var element;","                console[key + '_original'].apply(console, arguments);","                element = document.querySelector('#outputTextareaStdout1');","                if (!element) {","                    return;","                }","                // append text to #outputTextareaStdout1","                element.value += Array.from(arguments).map(function (arg) {","                    return typeof arg === 'string'","                        ? arg","                        : JSON.stringify(arg, null, 4);","                }).join(' ') + '\\n';","                // scroll textarea to bottom","                element.scrollTop = element.scrollHeight;","            };","        });","        // init event-handling","        ['change', 'click', 'keyup'].forEach(function (event) {","            Array.from(document.querySelectorAll('.on' + event)).forEach(function (element) {","                element.addEventListener(event, local.testRunBrowser);","            });","        });","        // run tests","        local.testRunBrowser();","        break;","","","","    // run node js-env code - post-init","    /* istanbul ignore next */","    case 'node':","        // export local","        module.exports = local;","        // require modules","        local.fs = require('fs');","        local.http = require('http');","        local.url = require('url');","        // init assets","        local.assetsDict = local.assetsDict || {};","        /* jslint-ignore-begin */","        local.assetsDict['/assets.index.template.html'] = '\\","<!doctype html>\\n\\","<html lang=\"en\">\\n\\","<head>\\n\\","<meta charset=\"UTF-8\">\\n\\","<meta name=\"viewport\" content=\"width=device-width, initial-scale=1\">\\n\\","<title>{{env.npm_package_name}} (v{{env.npm_package_version}})</title>\\n\\","<style>\\n\\","/*csslint\\n\\","    box-sizing: false,\\n\\","    universal-selector: false\\n\\","*/\\n\\","* {\\n\\","    box-sizing: border-box;\\n\\","}\\n\\","body {\\n\\","    background: #dde;\\n\\","    font-family: Arial, Helvetica, sans-serif;\\n\\","    margin: 2rem;\\n\\","}\\n\\","body > * {\\n\\","    margin-bottom: 1rem;\\n\\","}\\n\\",".utility2FooterDiv {\\n\\","    margin-top: 20px;\\n\\","    text-align: center;\\n\\","}\\n\\","</style>\\n\\","<style>\\n\\","/*csslint\\n\\","*/\\n\\","textarea {\\n\\","    font-family: monospace;\\n\\","    height: 10rem;\\n\\","    width: 100%;\\n\\","}\\n\\","textarea[readonly] {\\n\\","    background: #ddd;\\n\\","}\\n\\","</style>\\n\\","</head>\\n\\","<body>\\n\\","<!-- utility2-comment\\n\\","<div id=\"ajaxProgressDiv1\" style=\"background: #d00; height: 2px; left: 0; margin: 0; padding: 0; position: fixed; top: 0; transition: background 0.5s, width 1.5s; width: 25%;\"></div>\\n\\","utility2-comment -->\\n\\","<h1>\\n\\","<!-- utility2-comment\\n\\","    <a\\n\\","        {{#if env.npm_package_homepage}}\\n\\","        href=\"{{env.npm_package_homepage}}\"\\n\\","        {{/if env.npm_package_homepage}}\\n\\","        target=\"_blank\"\\n\\","    >\\n\\","utility2-comment -->\\n\\","        {{env.npm_package_name}} (v{{env.npm_package_version}})\\n\\","<!-- utility2-comment\\n\\","    </a>\\n\\","utility2-comment -->\\n\\","</h1>\\n\\","<h3>{{env.npm_package_description}}</h3>\\n\\","<!-- utility2-comment\\n\\","<h4><a download href=\"assets.app.js\">download standalone app</a></h4>\\n\\","<button class=\"onclick onreset\" id=\"testRunButton1\">run internal test</button><br>\\n\\","<div id=\"testReportDiv1\" style=\"display: none;\"></div>\\n\\","utility2-comment -->\\n\\","\\n\\","\\n\\","\\n\\","<label>stderr and stdout</label>\\n\\","<textarea class=\"resettable\" id=\"outputTextareaStdout1\" readonly></textarea>\\n\\","<!-- utility2-comment\\n\\","{{#if isRollup}}\\n\\","<script src=\"assets.app.js\"></script>\\n\\","{{#unless isRollup}}\\n\\","utility2-comment -->\\n\\","<script src=\"assets.utility2.rollup.js\"></script>\\n\\","<script src=\"jsonp.utility2._stateInit?callback=window.utility2._stateInit\"></script>\\n\\","<script src=\"assets.npmtest_serializr.rollup.js\"></script>\\n\\","<script src=\"assets.example.js\"></script>\\n\\","<script src=\"assets.test.js\"></script>\\n\\","<!-- utility2-comment\\n\\","{{/if isRollup}}\\n\\","utility2-comment -->\\n\\","<div class=\"utility2FooterDiv\">\\n\\","    [ this app was created with\\n\\","    <a href=\"https://github.com/kaizhu256/node-utility2\" target=\"_blank\">utility2</a>\\n\\","    ]\\n\\","</div>\\n\\","</body>\\n\\","</html>\\n\\","';","        /* jslint-ignore-end */","        if (local.templateRender) {","            local.assetsDict['/'] = local.templateRender(","                local.assetsDict['/assets.index.template.html'],","                {","                    env: local.objectSetDefault(local.env, {","                        npm_package_description: 'the greatest app in the world!',","                        npm_package_name: 'my-app',","                        npm_package_nameAlias: 'my_app',","                        npm_package_version: '0.0.1'","                    })","                }","            );","        } else {","            local.assetsDict['/'] = local.assetsDict['/assets.index.template.html']","                .replace((/\\{\\{env\\.(\\w+?)\\}\\}/g), function (match0, match1) {","                    // jslint-hack","                    String(match0);","                    switch (match1) {","                    case 'npm_package_description':","                        return 'the greatest app in the world!';","                    case 'npm_package_name':","                        return 'my-app';","                    case 'npm_package_nameAlias':","                        return 'my_app';","                    case 'npm_package_version':","                        return '0.0.1';","                    }","                });","        }","        // run the cli","        if (local.global.utility2_rollup || module !== require.main) {","            break;","        }","        local.assetsDict['/assets.example.js'] =","            local.assetsDict['/assets.example.js'] ||","            local.fs.readFileSync(__filename, 'utf8');","        // bug-workaround - long $npm_package_buildCustomOrg","        /* jslint-ignore-begin */","        local.assetsDict['/assets.npmtest_serializr.rollup.js'] =","            local.assetsDict['/assets.npmtest_serializr.rollup.js'] ||","            local.fs.readFileSync(","                local.npmtest_serializr.__dirname + '/lib.npmtest_serializr.js',","                'utf8'","            ).replace((/^#!/), '//');","        /* jslint-ignore-end */","        local.assetsDict['/favicon.ico'] = local.assetsDict['/favicon.ico'] || '';","        // if $npm_config_timeout_exit exists,","        // then exit this process after $npm_config_timeout_exit ms","        if (Number(process.env.npm_config_timeout_exit)) {","            setTimeout(process.exit, Number(process.env.npm_config_timeout_exit));","        }","        // start server","        if (local.global.utility2_serverHttp1) {","            break;","        }","        process.env.PORT = process.env.PORT || '8081';","        console.error('server starting on port ' + process.env.PORT);","        local.http.createServer(function (request, response) {","            request.urlParsed = local.url.parse(request.url);","            if (local.assetsDict[request.urlParsed.pathname] !== undefined) {","                response.end(local.assetsDict[request.urlParsed.pathname]);","                return;","            }","            response.statusCode = 404;","            response.end();","        }).listen(process.env.PORT);","        break;","    }","}());",""],"l":{"26":2,"28":2,"33":2,"35":2,"37":2,"38":2,"39":2,"44":1,"51":2,"55":2,"59":2,"61":2,"69":1,"70":2,"76":2,"79":2,"82":2,"83":2,"85":1,"89":2,"92":1,"93":1,"94":1,"96":1,"97":1,"100":1,"101":1,"103":1,"106":1,"108":2,"114":1,"116":1,"118":1,"123":1,"124":2,"125":2,"126":3,"127":3,"128":3,"129":3,"130":1,"133":3,"134":3,"139":3,"143":1,"144":3,"145":1,"149":1,"150":1,"158":1,"160":1,"161":1,"162":1,"164":1,"166":1,"258":1,"259":1,"271":1,"274":6,"275":6,"277":1,"279":2,"281":1,"283":2,"288":1,"289":1,"291":1,"296":1,"303":1,"306":1,"307":1,"310":1,"311":1,"313":1,"314":1,"315":1,"316":1,"317":1,"318":1,"319":1,"321":1,"322":1,"324":1}},"/home/travis/build/npmtest/node-npmtest-serializr/node_modules/serializr/serializr.js":{"path":"/home/travis/build/npmtest/node-npmtest-serializr/node_modules/serializr/serializr.js","s":{"1":1,"2":1,"3":1,"4":1,"5":0,"6":0,"7":1,"8":0,"9":0,"10":0,"11":0,"12":0,"13":0,"14":1,"15":0,"16":0,"17":1,"18":0,"19":0,"20":0,"21":0,"22":0,"23":0,"24":0,"25":0,"26":0,"27":0,"28":0,"29":0,"30":0,"31":0,"32":0,"33":1,"34":0,"35":0,"36":0,"37":1,"38":0,"39":0,"40":1,"41":0,"42":0,"43":0,"44":0,"45":0,"46":0,"47":0,"48":0,"49":0,"50":0,"51":1,"52":0,"53":0,"54":0,"55":0,"56":0,"57":1,"58":1,"59":1,"60":0,"61":0,"62":0,"63":0,"64":0,"65":1,"66":0,"67":0,"68":0,"69":0,"70":0,"71":0,"72":0,"73":0,"74":0,"75":0,"76":0,"77":0,"78":1,"79":0,"80":0,"81":0,"82":0,"83":0,"84":0,"85":0,"86":0,"87":0,"88":0,"89":0,"90":0,"91":0,"92":0,"93":0,"94":0,"95":0,"96":0,"97":0,"98":1,"99":0,"100":0,"101":0,"102":0,"103":0,"104":0,"105":0,"106":1,"107":0,"108":0,"109":0,"110":0,"111":0,"112":0,"113":0,"114":0,"115":1,"116":0,"117":0,"118":1,"119":0,"120":1,"121":0,"122":1,"123":0,"124":1,"125":0,"126":1,"127":0,"128":0,"129":0,"130":0,"131":0,"132":0,"133":0,"134":1,"135":0,"136":0,"137":0,"138":0,"139":0,"140":1,"141":0,"142":0,"143":0,"144":0,"145":0,"146":0,"147":0,"148":0,"149":0,"150":0,"151":0,"152":0,"153":0,"154":0,"155":0,"156":1,"157":0,"158":0,"159":0,"160":0,"161":0,"162":0,"163":0,"164":0,"165":0,"166":0,"167":0,"168":0,"169":0,"170":0,"171":0,"172":0,"173":0,"174":0,"175":0,"176":0,"177":0,"178":1,"179":0,"180":0,"181":0,"182":0,"183":0,"184":0,"185":1,"186":0,"187":0,"188":0,"189":0,"190":0,"191":0,"192":0,"193":0,"194":0,"195":0,"196":1,"197":0,"198":0,"199":0,"200":0,"201":0,"202":0,"203":0,"204":0,"205":0,"206":0,"207":1,"208":0,"209":0,"210":0,"211":0,"212":0,"213":0,"214":0,"215":0,"216":0,"217":0,"218":0,"219":0,"220":0,"221":0,"222":0,"223":0,"224":0,"225":0,"226":1,"227":0,"228":0,"229":0,"230":0,"231":1,"232":0,"233":0,"234":0,"235":0,"236":0,"237":1,"238":0,"239":0,"240":0,"241":0,"242":0,"243":0,"244":0,"245":0,"246":0,"247":0,"248":0,"249":0,"250":0,"251":0,"252":0,"253":0,"254":1,"255":0,"256":0,"257":0,"258":0,"259":0,"260":0,"261":0,"262":0,"263":0,"264":0,"265":0,"266":0,"267":0,"268":1,"269":0,"270":0,"271":0,"272":0,"273":0,"274":0,"275":0,"276":0,"277":0,"278":0,"279":1,"280":0,"281":0,"282":0,"283":0,"284":0,"285":0,"286":0,"287":0,"288":0,"289":0,"290":0,"291":1,"292":0,"293":0,"294":0,"295":0,"296":0,"297":0,"298":0,"299":0,"300":0,"301":0,"302":0,"303":0,"304":0,"305":0,"306":0,"307":1,"308":1,"309":1,"310":0,"311":0,"312":0,"313":0,"314":0,"315":1,"316":0,"317":0,"318":0,"319":0,"320":0,"321":0,"322":0,"323":1,"324":0,"325":1,"326":0,"327":0,"328":0,"329":0,"330":0,"331":0,"332":0,"333":0,"334":1,"335":0,"336":0,"337":0,"338":0,"339":0,"340":1,"341":0,"342":0,"343":0,"344":0,"345":1,"346":0,"347":0,"348":0,"349":0,"350":0,"351":0,"352":0,"353":0,"354":0,"355":0,"356":0,"357":0,"358":1,"359":0,"360":0,"361":0,"362":1,"363":0,"364":0,"365":0,"366":0,"367":0,"368":0,"369":0,"370":0,"371":0,"372":0,"373":0,"374":0,"375":0,"376":0,"377":0,"378":0,"379":0,"380":0,"381":0,"382":1,"383":0,"384":0,"385":1,"386":0,"387":0,"388":0,"389":0,"390":0,"391":0,"392":0,"393":0,"394":0,"395":0,"396":1,"397":0,"398":1,"399":0,"400":0,"401":0,"402":0,"403":0,"404":0,"405":0,"406":0,"407":0,"408":0,"409":0,"410":0,"411":0,"412":0,"413":0,"414":0,"415":0,"416":0,"417":0,"418":0,"419":0,"420":0,"421":0,"422":0,"423":0,"424":0,"425":0,"426":0,"427":0,"428":0,"429":0,"430":1,"431":1,"432":1,"433":0,"434":0,"435":0,"436":1},"b":{"1":[1,0],"2":[0,0],"3":[0,0],"4":[0,0],"5":[0,0],"6":[0,0],"7":[0,0],"8":[0,0],"9":[0,0],"10":[0,0],"11":[0,0],"12":[0,0],"13":[0,0],"14":[0,0],"15":[0,0],"16":[0,0],"17":[0,0],"18":[0,0],"19":[0,0],"20":[0,0,0,0,0],"21":[0,0],"22":[0,0],"23":[0,0],"24":[0,0],"25":[0,0],"26":[0,0],"27":[0,0],"28":[0,0,0],"29":[0,0],"30":[0,0],"31":[0,0],"32":[0,0],"33":[0,0],"34":[0,0],"35":[0,0],"36":[0,0],"37":[0,0,0],"38":[0,0,0],"39":[0,0],"40":[0,0],"41":[0,0],"42":[0,0],"43":[0,0],"44":[0,0],"45":[0,0],"46":[0,0],"47":[0,0],"48":[0,0],"49":[0,0],"50":[0,0],"51":[0,0],"52":[0,0],"53":[0,0],"54":[0,0],"55":[0,0],"56":[0,0],"57":[0,0],"58":[0,0],"59":[0,0],"60":[0,0],"61":[0,0],"62":[0,0],"63":[0,0],"64":[0,0],"65":[0,0],"66":[0,0],"67":[0,0],"68":[0,0],"69":[0,0],"70":[0,0],"71":[0,0],"72":[0,0],"73":[0,0],"74":[0,0],"75":[0,0],"76":[0,0],"77":[0,0],"78":[0,0],"79":[0,0],"80":[0,0],"81":[0,0],"82":[0,0],"83":[0,0],"84":[0,0],"85":[0,0],"86":[0,0],"87":[0,0],"88":[0,0],"89":[0,0],"90":[0,0],"91":[0,0],"92":[0,0],"93":[0,0,0],"94":[0,0],"95":[0,0],"96":[0,0],"97":[0,0],"98":[0,0],"99":[0,0],"100":[0,0],"101":[0,0],"102":[0,0],"103":[0,0],"104":[0,0],"105":[0,0],"106":[0,0],"107":[0,0],"108":[0,0],"109":[0,0],"110":[0,0],"111":[0,0],"112":[0,0],"113":[0,0],"114":[0,0],"115":[0,0],"116":[0,0],"117":[0,0],"118":[0,0],"119":[0,0,0],"120":[0,0],"121":[0,0,0],"122":[0,0],"123":[0,0],"124":[0,0],"125":[0,0],"126":[0,0],"127":[0,0],"128":[0,0],"129":[0,0],"130":[1,0],"131":[0,0],"132":[0,0]},"f":{"1":1,"2":1,"3":0,"4":0,"5":0,"6":0,"7":0,"8":0,"9":0,"10":0,"11":0,"12":0,"13":0,"14":0,"15":0,"16":0,"17":0,"18":0,"19":0,"20":0,"21":0,"22":0,"23":0,"24":0,"25":0,"26":0,"27":0,"28":0,"29":0,"30":0,"31":0,"32":0,"33":0,"34":0,"35":0,"36":0,"37":0,"38":0,"39":0,"40":0,"41":0,"42":0,"43":0,"44":0,"45":0,"46":0,"47":0,"48":0,"49":0,"50":0,"51":1,"52":0,"53":0,"54":0,"55":0,"56":0,"57":0,"58":0,"59":0,"60":0,"61":0,"62":0,"63":0,"64":0,"65":0,"66":0,"67":0,"68":0,"69":0,"70":0,"71":0,"72":0,"73":0,"74":0,"75":0,"76":0,"77":0,"78":0,"79":0,"80":0,"81":0,"82":0,"83":0,"84":1},"fnMap":{"1":{"name":"(anonymous_1)","line":1,"loc":{"start":{"line":1,"column":1},"end":{"line":1,"column":13}}},"2":{"name":"mrFactory","line":4,"loc":{"start":{"line":4,"column":4},"end":{"line":4,"column":25}}},"3":{"name":"GUARDED_NOOP","line":10,"loc":{"start":{"line":10,"column":8},"end":{"line":10,"column":35}}},"4":{"name":"once","line":15,"loc":{"start":{"line":15,"column":8},"end":{"line":15,"column":27}}},"5":{"name":"(anonymous_5)","line":17,"loc":{"start":{"line":17,"column":19},"end":{"line":17,"column":30}}},"6":{"name":"invariant","line":26,"loc":{"start":{"line":26,"column":8},"end":{"line":26,"column":42}}},"7":{"name":"parallel","line":31,"loc":{"start":{"line":31,"column":8},"end":{"line":31,"column":45}}},"8":{"name":"(anonymous_8)","line":38,"loc":{"start":{"line":38,"column":30},"end":{"line":38,"column":57}}},"9":{"name":"(anonymous_9)","line":50,"loc":{"start":{"line":50,"column":23},"end":{"line":50,"column":45}}},"10":{"name":"isPrimitive","line":55,"loc":{"start":{"line":55,"column":8},"end":{"line":55,"column":36}}},"11":{"name":"createSimpleSchema","line":128,"loc":{"start":{"line":128,"column":8},"end":{"line":128,"column":43}}},"12":{"name":"(anonymous_12)","line":130,"loc":{"start":{"line":130,"column":25},"end":{"line":130,"column":36}}},"13":{"name":"createModelSchema","line":161,"loc":{"start":{"line":161,"column":8},"end":{"line":161,"column":58}}},"14":{"name":"(anonymous_14)","line":166,"loc":{"start":{"line":166,"column":36},"end":{"line":166,"column":47}}},"15":{"name":"serializable","line":210,"loc":{"start":{"line":210,"column":8},"end":{"line":210,"column":48}}},"16":{"name":"getParamNames","line":225,"loc":{"start":{"line":225,"column":8},"end":{"line":225,"column":37}}},"17":{"name":"serializableDecorator","line":233,"loc":{"start":{"line":233,"column":8},"end":{"line":233,"column":81}}},"18":{"name":"(anonymous_18)","line":249,"loc":{"start":{"line":249,"column":30},"end":{"line":249,"column":48}}},"19":{"name":"F","line":250,"loc":{"start":{"line":250,"column":24},"end":{"line":250,"column":41}}},"20":{"name":"(anonymous_20)","line":256,"loc":{"start":{"line":256,"column":73},"end":{"line":256,"column":88}}},"21":{"name":"serializeAll","line":297,"loc":{"start":{"line":297,"column":8},"end":{"line":297,"column":38}}},"22":{"name":"getDefaultModelSchema","line":316,"loc":{"start":{"line":316,"column":8},"end":{"line":316,"column":46}}},"23":{"name":"setDefaultModelSchema","line":339,"loc":{"start":{"line":339,"column":8},"end":{"line":339,"column":59}}},"24":{"name":"isModelSchema","line":344,"loc":{"start":{"line":344,"column":8},"end":{"line":344,"column":38}}},"25":{"name":"isPropSchema","line":348,"loc":{"start":{"line":348,"column":8},"end":{"line":348,"column":37}}},"26":{"name":"isAliasedPropSchema","line":352,"loc":{"start":{"line":352,"column":8},"end":{"line":352,"column":49}}},"27":{"name":"isIdentifierPropSchema","line":356,"loc":{"start":{"line":356,"column":8},"end":{"line":356,"column":52}}},"28":{"name":"getIdentifierProp","line":360,"loc":{"start":{"line":360,"column":8},"end":{"line":360,"column":48}}},"29":{"name":"isAssignableTo","line":372,"loc":{"start":{"line":372,"column":8},"end":{"line":372,"column":58}}},"30":{"name":"serialize","line":394,"loc":{"start":{"line":394,"column":8},"end":{"line":394,"column":39}}},"31":{"name":"(anonymous_31)","line":408,"loc":{"start":{"line":408,"column":33},"end":{"line":408,"column":49}}},"32":{"name":"serializeWithSchema","line":414,"loc":{"start":{"line":414,"column":8},"end":{"line":414,"column":50}}},"33":{"name":"(anonymous_33)","line":424,"loc":{"start":{"line":424,"column":46},"end":{"line":424,"column":61}}},"34":{"name":"serializeStarProps","line":444,"loc":{"start":{"line":444,"column":8},"end":{"line":444,"column":57}}},"35":{"name":"deserialize","line":470,"loc":{"start":{"line":470,"column":8},"end":{"line":470,"column":65}}},"36":{"name":"(anonymous_36)","line":478,"loc":{"start":{"line":478,"column":20},"end":{"line":478,"column":51}}},"37":{"name":"deserializeObjectWithSchema","line":490,"loc":{"start":{"line":490,"column":8},"end":{"line":490,"column":96}}},"38":{"name":"deserializePropsWithSchema","line":505,"loc":{"start":{"line":505,"column":8},"end":{"line":505,"column":75}}},"39":{"name":"(anonymous_39)","line":508,"loc":{"start":{"line":508,"column":46},"end":{"line":508,"column":66}}},"40":{"name":"(anonymous_40)","line":527,"loc":{"start":{"line":527,"column":55},"end":{"line":527,"column":72}}},"41":{"name":"schemaHasAlias","line":538,"loc":{"start":{"line":538,"column":8},"end":{"line":538,"column":46}}},"42":{"name":"deserializeStarProps","line":545,"loc":{"start":{"line":545,"column":8},"end":{"line":545,"column":57}}},"43":{"name":"Context","line":554,"loc":{"start":{"line":554,"column":8},"end":{"line":554,"column":82}}},"44":{"name":"(anonymous_44)","line":574,"loc":{"start":{"line":574,"column":43},"end":{"line":574,"column":57}}},"45":{"name":"(anonymous_45)","line":577,"loc":{"start":{"line":577,"column":24},"end":{"line":577,"column":45}}},"46":{"name":"(anonymous_46)","line":590,"loc":{"start":{"line":590,"column":69},"end":{"line":590,"column":85}}},"47":{"name":"(anonymous_47)","line":604,"loc":{"start":{"line":604,"column":34},"end":{"line":604,"column":73}}},"48":{"name":"(anonymous_48)","line":607,"loc":{"start":{"line":607,"column":59},"end":{"line":607,"column":79}}},"49":{"name":"(anonymous_49)","line":624,"loc":{"start":{"line":624,"column":36},"end":{"line":624,"column":71}}},"50":{"name":"update","line":657,"loc":{"start":{"line":657,"column":8},"end":{"line":657,"column":73}}},"51":{"name":"primitive","line":700,"loc":{"start":{"line":700,"column":8},"end":{"line":700,"column":29}}},"52":{"name":"(anonymous_52)","line":702,"loc":{"start":{"line":702,"column":28},"end":{"line":702,"column":45}}},"53":{"name":"(anonymous_53)","line":706,"loc":{"start":{"line":706,"column":30},"end":{"line":706,"column":57}}},"54":{"name":"identifier","line":751,"loc":{"start":{"line":751,"column":8},"end":{"line":751,"column":40}}},"55":{"name":"(anonymous_55)","line":756,"loc":{"start":{"line":756,"column":30},"end":{"line":756,"column":66}}},"56":{"name":"(anonymous_56)","line":757,"loc":{"start":{"line":757,"column":66},"end":{"line":757,"column":84}}},"57":{"name":"defaultRegisterFunction","line":767,"loc":{"start":{"line":767,"column":8},"end":{"line":767,"column":61}}},"58":{"name":"date","line":776,"loc":{"start":{"line":776,"column":8},"end":{"line":776,"column":24}}},"59":{"name":"(anonymous_59)","line":779,"loc":{"start":{"line":779,"column":28},"end":{"line":779,"column":44}}},"60":{"name":"(anonymous_60)","line":785,"loc":{"start":{"line":785,"column":30},"end":{"line":785,"column":57}}},"61":{"name":"alias","line":810,"loc":{"start":{"line":810,"column":8},"end":{"line":810,"column":41}}},"62":{"name":"custom","line":840,"loc":{"start":{"line":840,"column":8},"end":{"line":840,"column":50}}},"63":{"name":"(anonymous_63)","line":845,"loc":{"start":{"line":845,"column":30},"end":{"line":845,"column":57}}},"64":{"name":"object","line":880,"loc":{"start":{"line":880,"column":8},"end":{"line":880,"column":37}}},"65":{"name":"(anonymous_65)","line":883,"loc":{"start":{"line":883,"column":28},"end":{"line":883,"column":44}}},"66":{"name":"(anonymous_66)","line":890,"loc":{"start":{"line":890,"column":30},"end":{"line":890,"column":66}}},"67":{"name":"reference","line":957,"loc":{"start":{"line":957,"column":8},"end":{"line":957,"column":45}}},"68":{"name":"initialize","line":961,"loc":{"start":{"line":961,"column":12},"end":{"line":961,"column":34}}},"69":{"name":"(anonymous_69)","line":976,"loc":{"start":{"line":976,"column":28},"end":{"line":976,"column":44}}},"70":{"name":"(anonymous_70)","line":981,"loc":{"start":{"line":981,"column":30},"end":{"line":981,"column":71}}},"71":{"name":"createDefaultRefLookup","line":992,"loc":{"start":{"line":992,"column":8},"end":{"line":992,"column":53}}},"72":{"name":"resolve","line":993,"loc":{"start":{"line":993,"column":19},"end":{"line":993,"column":55}}},"73":{"name":"list","line":1027,"loc":{"start":{"line":1027,"column":8},"end":{"line":1027,"column":34}}},"74":{"name":"(anonymous_74)","line":1032,"loc":{"start":{"line":1032,"column":28},"end":{"line":1032,"column":42}}},"75":{"name":"(anonymous_75)","line":1036,"loc":{"start":{"line":1036,"column":30},"end":{"line":1036,"column":65}}},"76":{"name":"(anonymous_76)","line":1041,"loc":{"start":{"line":1041,"column":24},"end":{"line":1041,"column":50}}},"77":{"name":"isMapLike","line":1050,"loc":{"start":{"line":1050,"column":8},"end":{"line":1050,"column":34}}},"78":{"name":"map","line":1062,"loc":{"start":{"line":1062,"column":8},"end":{"line":1062,"column":33}}},"79":{"name":"(anonymous_79)","line":1067,"loc":{"start":{"line":1067,"column":28},"end":{"line":1067,"column":41}}},"80":{"name":"(anonymous_80)","line":1072,"loc":{"start":{"line":1072,"column":34},"end":{"line":1072,"column":55}}},"81":{"name":"(anonymous_81)","line":1079,"loc":{"start":{"line":1079,"column":30},"end":{"line":1079,"column":76}}},"82":{"name":"(anonymous_82)","line":1084,"loc":{"start":{"line":1084,"column":33},"end":{"line":1084,"column":48}}},"83":{"name":"(anonymous_83)","line":1087,"loc":{"start":{"line":1087,"column":24},"end":{"line":1087,"column":47}}},"84":{"name":"(anonymous_84)","line":1149,"loc":{"start":{"line":1149,"column":3},"end":{"line":1149,"column":14}}}},"statementMap":{"1":{"start":{"line":1,"column":0},"end":{"line":1149,"column":32}},"2":{"start":{"line":4,"column":4},"end":{"line":1139,"column":5}},"3":{"start":{"line":6,"column":8},"end":{"line":6,"column":82}},"4":{"start":{"line":10,"column":8},"end":{"line":13,"column":9}},"5":{"start":{"line":11,"column":12},"end":{"line":12,"column":36}},"6":{"start":{"line":12,"column":16},"end":{"line":12,"column":36}},"7":{"start":{"line":15,"column":8},"end":{"line":24,"column":9}},"8":{"start":{"line":16,"column":12},"end":{"line":16,"column":29}},"9":{"start":{"line":17,"column":12},"end":{"line":23,"column":13}},"10":{"start":{"line":18,"column":16},"end":{"line":21,"column":17}},"11":{"start":{"line":19,"column":20},"end":{"line":19,"column":32}},"12":{"start":{"line":20,"column":20},"end":{"line":20,"column":52}},"13":{"start":{"line":22,"column":16},"end":{"line":22,"column":62}},"14":{"start":{"line":26,"column":8},"end":{"line":29,"column":9}},"15":{"start":{"line":27,"column":12},"end":{"line":28,"column":78}},"16":{"start":{"line":28,"column":16},"end":{"line":28,"column":78}},"17":{"start":{"line":31,"column":8},"end":{"line":53,"column":9}},"18":{"start":{"line":33,"column":12},"end":{"line":34,"column":40}},"19":{"start":{"line":34,"column":16},"end":{"line":34,"column":40}},"20":{"start":{"line":35,"column":12},"end":{"line":35,"column":32}},"21":{"start":{"line":36,"column":12},"end":{"line":36,"column":32}},"22":{"start":{"line":37,"column":12},"end":{"line":37,"column":30}},"23":{"start":{"line":38,"column":12},"end":{"line":49,"column":13}},"24":{"start":{"line":39,"column":16},"end":{"line":48,"column":17}},"25":{"start":{"line":40,"column":20},"end":{"line":43,"column":21}},"26":{"start":{"line":41,"column":24},"end":{"line":41,"column":37}},"27":{"start":{"line":42,"column":24},"end":{"line":42,"column":31}},"28":{"start":{"line":45,"column":20},"end":{"line":45,"column":45}},"29":{"start":{"line":46,"column":20},"end":{"line":47,"column":45}},"30":{"start":{"line":47,"column":24},"end":{"line":47,"column":45}},"31":{"start":{"line":50,"column":12},"end":{"line":52,"column":14}},"32":{"start":{"line":51,"column":16},"end":{"line":51,"column":61}},"33":{"start":{"line":55,"column":8},"end":{"line":59,"column":9}},"34":{"start":{"line":56,"column":12},"end":{"line":57,"column":27}},"35":{"start":{"line":57,"column":16},"end":{"line":57,"column":27}},"36":{"start":{"line":58,"column":12},"end":{"line":58,"column":75}},"37":{"start":{"line":128,"column":8},"end":{"line":135,"column":9}},"38":{"start":{"line":129,"column":12},"end":{"line":134,"column":13}},"39":{"start":{"line":131,"column":20},"end":{"line":131,"column":29}},"40":{"start":{"line":161,"column":8},"end":{"line":179,"column":9}},"41":{"start":{"line":162,"column":12},"end":{"line":162,"column":97}},"42":{"start":{"line":163,"column":12},"end":{"line":163,"column":83}},"43":{"start":{"line":164,"column":12},"end":{"line":170,"column":13}},"44":{"start":{"line":167,"column":20},"end":{"line":167,"column":38}},"45":{"start":{"line":172,"column":12},"end":{"line":176,"column":13}},"46":{"start":{"line":173,"column":16},"end":{"line":173,"column":74}},"47":{"start":{"line":174,"column":16},"end":{"line":175,"column":37}},"48":{"start":{"line":175,"column":20},"end":{"line":175,"column":37}},"49":{"start":{"line":177,"column":12},"end":{"line":177,"column":47}},"50":{"start":{"line":178,"column":12},"end":{"line":178,"column":24}},"51":{"start":{"line":210,"column":8},"end":{"line":220,"column":9}},"52":{"start":{"line":211,"column":12},"end":{"line":219,"column":13}},"53":{"start":{"line":213,"column":16},"end":{"line":213,"column":77}},"54":{"start":{"line":214,"column":16},"end":{"line":214,"column":88}},"55":{"start":{"line":215,"column":16},"end":{"line":215,"column":67}},"56":{"start":{"line":218,"column":16},"end":{"line":218,"column":75}},"57":{"start":{"line":223,"column":8},"end":{"line":223,"column":63}},"58":{"start":{"line":224,"column":8},"end":{"line":224,"column":41}},"59":{"start":{"line":225,"column":8},"end":{"line":231,"column":9}},"60":{"start":{"line":226,"column":12},"end":{"line":226,"column":67}},"61":{"start":{"line":227,"column":12},"end":{"line":227,"column":100}},"62":{"start":{"line":228,"column":12},"end":{"line":229,"column":27}},"63":{"start":{"line":229,"column":16},"end":{"line":229,"column":27}},"64":{"start":{"line":230,"column":12},"end":{"line":230,"column":25}},"65":{"start":{"line":233,"column":8},"end":{"line":280,"column":9}},"66":{"start":{"line":234,"column":12},"end":{"line":234,"column":113}},"67":{"start":{"line":236,"column":12},"end":{"line":236,"column":23}},"68":{"start":{"line":237,"column":12},"end":{"line":266,"column":13}},"69":{"start":{"line":240,"column":16},"end":{"line":240,"column":94}},"70":{"start":{"line":241,"column":16},"end":{"line":241,"column":89}},"71":{"start":{"line":242,"column":16},"end":{"line":242,"column":54}},"72":{"start":{"line":243,"column":16},"end":{"line":265,"column":17}},"73":{"start":{"line":244,"column":20},"end":{"line":244,"column":54}},"74":{"start":{"line":245,"column":20},"end":{"line":245,"column":55}},"75":{"start":{"line":246,"column":20},"end":{"line":246,"column":42}},"76":{"start":{"line":247,"column":20},"end":{"line":247,"column":45}},"77":{"start":{"line":249,"column":20},"end":{"line":264,"column":21}},"78":{"start":{"line":250,"column":24},"end":{"line":252,"column":25}},"79":{"start":{"line":251,"column":28},"end":{"line":251,"column":71}},"80":{"start":{"line":253,"column":24},"end":{"line":253,"column":66}},"81":{"start":{"line":254,"column":24},"end":{"line":254,"column":39}},"82":{"start":{"line":255,"column":24},"end":{"line":262,"column":25}},"83":{"start":{"line":256,"column":26},"end":{"line":261,"column":29}},"84":{"start":{"line":257,"column":28},"end":{"line":257,"column":70}},"85":{"start":{"line":258,"column":28},"end":{"line":260,"column":29}},"86":{"start":{"line":259,"column":30},"end":{"line":259,"column":70}},"87":{"start":{"line":263,"column":24},"end":{"line":263,"column":44}},"88":{"start":{"line":267,"column":12},"end":{"line":267,"column":97}},"89":{"start":{"line":268,"column":12},"end":{"line":268,"column":52}},"90":{"start":{"line":270,"column":12},"end":{"line":271,"column":73}},"91":{"start":{"line":271,"column":16},"end":{"line":271,"column":73}},"92":{"start":{"line":272,"column":12},"end":{"line":274,"column":73}},"93":{"start":{"line":274,"column":16},"end":{"line":274,"column":73}},"94":{"start":{"line":275,"column":12},"end":{"line":275,"column":45}},"95":{"start":{"line":277,"column":12},"end":{"line":278,"column":42}},"96":{"start":{"line":278,"column":16},"end":{"line":278,"column":42}},"97":{"start":{"line":279,"column":12},"end":{"line":279,"column":29}},"98":{"start":{"line":297,"column":8},"end":{"line":308,"column":9}},"99":{"start":{"line":298,"column":12},"end":{"line":298,"column":130}},"100":{"start":{"line":300,"column":12},"end":{"line":300,"column":52}},"101":{"start":{"line":301,"column":12},"end":{"line":304,"column":13}},"102":{"start":{"line":302,"column":16},"end":{"line":302,"column":52}},"103":{"start":{"line":303,"column":16},"end":{"line":303,"column":51}},"104":{"start":{"line":306,"column":12},"end":{"line":306,"column":59}},"105":{"start":{"line":307,"column":12},"end":{"line":307,"column":25}},"106":{"start":{"line":316,"column":8},"end":{"line":325,"column":9}},"107":{"start":{"line":317,"column":12},"end":{"line":318,"column":27}},"108":{"start":{"line":318,"column":16},"end":{"line":318,"column":27}},"109":{"start":{"line":319,"column":12},"end":{"line":320,"column":28}},"110":{"start":{"line":320,"column":16},"end":{"line":320,"column":28}},"111":{"start":{"line":321,"column":12},"end":{"line":322,"column":42}},"112":{"start":{"line":322,"column":16},"end":{"line":322,"column":42}},"113":{"start":{"line":323,"column":12},"end":{"line":324,"column":54}},"114":{"start":{"line":324,"column":16},"end":{"line":324,"column":54}},"115":{"start":{"line":339,"column":8},"end":{"line":342,"column":9}},"116":{"start":{"line":340,"column":12},"end":{"line":340,"column":49}},"117":{"start":{"line":341,"column":12},"end":{"line":341,"column":52}},"118":{"start":{"line":344,"column":8},"end":{"line":346,"column":9}},"119":{"start":{"line":345,"column":12},"end":{"line":345,"column":56}},"120":{"start":{"line":348,"column":8},"end":{"line":350,"column":9}},"121":{"start":{"line":349,"column":12},"end":{"line":349,"column":66}},"122":{"start":{"line":352,"column":8},"end":{"line":354,"column":9}},"123":{"start":{"line":353,"column":12},"end":{"line":353,"column":74}},"124":{"start":{"line":356,"column":8},"end":{"line":358,"column":9}},"125":{"start":{"line":357,"column":12},"end":{"line":357,"column":84}},"126":{"start":{"line":360,"column":8},"end":{"line":370,"column":9}},"127":{"start":{"line":361,"column":12},"end":{"line":361,"column":49}},"128":{"start":{"line":363,"column":12},"end":{"line":368,"column":13}},"129":{"start":{"line":364,"column":16},"end":{"line":366,"column":39}},"130":{"start":{"line":365,"column":20},"end":{"line":366,"column":39}},"131":{"start":{"line":366,"column":24},"end":{"line":366,"column":39}},"132":{"start":{"line":367,"column":16},"end":{"line":367,"column":49}},"133":{"start":{"line":369,"column":12},"end":{"line":369,"column":23}},"134":{"start":{"line":372,"column":8},"end":{"line":379,"column":9}},"135":{"start":{"line":373,"column":12},"end":{"line":377,"column":13}},"136":{"start":{"line":374,"column":16},"end":{"line":375,"column":31}},"137":{"start":{"line":375,"column":20},"end":{"line":375,"column":31}},"138":{"start":{"line":376,"column":16},"end":{"line":376,"column":47}},"139":{"start":{"line":378,"column":12},"end":{"line":378,"column":24}},"140":{"start":{"line":394,"column":8},"end":{"line":412,"column":9}},"141":{"start":{"line":395,"column":12},"end":{"line":395,"column":111}},"142":{"start":{"line":396,"column":12},"end":{"line":396,"column":60}},"143":{"start":{"line":397,"column":12},"end":{"line":397,"column":61}},"144":{"start":{"line":398,"column":12},"end":{"line":405,"column":13}},"145":{"start":{"line":399,"column":16},"end":{"line":402,"column":60}},"146":{"start":{"line":400,"column":20},"end":{"line":400,"column":29}},"147":{"start":{"line":401,"column":21},"end":{"line":402,"column":60}},"148":{"start":{"line":402,"column":20},"end":{"line":402,"column":60}},"149":{"start":{"line":403,"column":19},"end":{"line":405,"column":13}},"150":{"start":{"line":404,"column":16},"end":{"line":404,"column":53}},"151":{"start":{"line":406,"column":12},"end":{"line":406,"column":76}},"152":{"start":{"line":407,"column":12},"end":{"line":410,"column":18}},"153":{"start":{"line":408,"column":16},"end":{"line":410,"column":18}},"154":{"start":{"line":409,"column":20},"end":{"line":409,"column":60}},"155":{"start":{"line":411,"column":12},"end":{"line":411,"column":53}},"156":{"start":{"line":414,"column":8},"end":{"line":442,"column":9}},"157":{"start":{"line":415,"column":12},"end":{"line":415,"column":78}},"158":{"start":{"line":416,"column":12},"end":{"line":416,"column":72}},"159":{"start":{"line":417,"column":12},"end":{"line":417,"column":19}},"160":{"start":{"line":418,"column":12},"end":{"line":423,"column":13}},"161":{"start":{"line":419,"column":16},"end":{"line":419,"column":62}},"162":{"start":{"line":422,"column":16},"end":{"line":422,"column":24}},"163":{"start":{"line":424,"column":12},"end":{"line":440,"column":14}},"164":{"start":{"line":425,"column":16},"end":{"line":425,"column":47}},"165":{"start":{"line":426,"column":16},"end":{"line":430,"column":17}},"166":{"start":{"line":427,"column":20},"end":{"line":427,"column":95}},"167":{"start":{"line":428,"column":20},"end":{"line":428,"column":56}},"168":{"start":{"line":429,"column":20},"end":{"line":429,"column":26}},"169":{"start":{"line":431,"column":16},"end":{"line":432,"column":51}},"170":{"start":{"line":432,"column":20},"end":{"line":432,"column":51}},"171":{"start":{"line":433,"column":16},"end":{"line":434,"column":26}},"172":{"start":{"line":434,"column":20},"end":{"line":434,"column":26}},"173":{"start":{"line":435,"column":16},"end":{"line":435,"column":70}},"174":{"start":{"line":436,"column":16},"end":{"line":438,"column":17}},"175":{"start":{"line":437,"column":20},"end":{"line":437,"column":26}},"176":{"start":{"line":439,"column":16},"end":{"line":439,"column":56}},"177":{"start":{"line":441,"column":12},"end":{"line":441,"column":22}},"178":{"start":{"line":444,"column":8},"end":{"line":451,"column":9}},"179":{"start":{"line":445,"column":12},"end":{"line":450,"column":13}},"180":{"start":{"line":445,"column":33},"end":{"line":450,"column":13}},"181":{"start":{"line":445,"column":62},"end":{"line":450,"column":13}},"182":{"start":{"line":446,"column":16},"end":{"line":446,"column":36}},"183":{"start":{"line":448,"column":16},"end":{"line":449,"column":39}},"184":{"start":{"line":449,"column":20},"end":{"line":449,"column":39}},"185":{"start":{"line":470,"column":8},"end":{"line":488,"column":9}},"186":{"start":{"line":471,"column":12},"end":{"line":471,"column":88}},"187":{"start":{"line":472,"column":12},"end":{"line":472,"column":50}},"188":{"start":{"line":473,"column":12},"end":{"line":473,"column":85}},"189":{"start":{"line":474,"column":12},"end":{"line":487,"column":92}},"190":{"start":{"line":475,"column":16},"end":{"line":475,"column":30}},"191":{"start":{"line":476,"column":16},"end":{"line":484,"column":17}},"192":{"start":{"line":479,"column":24},"end":{"line":479,"column":113}},"193":{"start":{"line":481,"column":24},"end":{"line":481,"column":44}},"194":{"start":{"line":485,"column":16},"end":{"line":485,"column":28}},"195":{"start":{"line":487,"column":16},"end":{"line":487,"column":92}},"196":{"start":{"line":490,"column":8},"end":{"line":503,"column":9}},"197":{"start":{"line":491,"column":12},"end":{"line":492,"column":48}},"198":{"start":{"line":492,"column":16},"end":{"line":492,"column":48}},"199":{"start":{"line":493,"column":12},"end":{"line":493,"column":88}},"200":{"start":{"line":494,"column":12},"end":{"line":494,"column":48}},"201":{"start":{"line":496,"column":12},"end":{"line":496,"column":66}},"202":{"start":{"line":498,"column":12},"end":{"line":498,"column":35}},"203":{"start":{"line":499,"column":12},"end":{"line":499,"column":59}},"204":{"start":{"line":500,"column":12},"end":{"line":500,"column":69}},"205":{"start":{"line":501,"column":12},"end":{"line":501,"column":18}},"206":{"start":{"line":502,"column":12},"end":{"line":502,"column":25}},"207":{"start":{"line":505,"column":8},"end":{"line":536,"column":9}},"208":{"start":{"line":506,"column":12},"end":{"line":507,"column":81}},"209":{"start":{"line":507,"column":16},"end":{"line":507,"column":8
[...]
f Date objects","         *","         * @returns","         */","        function date() {","            // TODO: add format option?","            return {","                serializer: function(value) {","                    if (value === null || value === undefined)","                        return value","                    invariant(value instanceof Date, \"Expected Date object\")","                    return value.getTime()","                },","                deserializer: function (jsonValue, done) {","                    if (jsonValue === null || jsonValue === undefined)","                        return void done(null, jsonValue)","                    return void done(null, new Date(jsonValue))","                }","            }","        }","","","        /**","         * Alias indicates that this model property should be named differently in the generated json.","         * Alias should be the outermost propschema.","         *","         * @example","         * createModelSchema(Todo, {","         *   title: alias(\"task\", primitive())","         * })","         *","         * console.dir(serialize(new Todo(\"test\")))","         * // { task : \"test\" }","         *","         * @param {string} name name of the json field to be used for this property","         * @param {PropSchema} propSchema propSchema to (de)serialize the contents of this field","         * @returns {PropSchema}","         */","        function alias(name, propSchema) {","            invariant(name && typeof name === \"string\", \"expected prop name as first argument\")","            propSchema = (!propSchema || propSchema === true)  ? _defaultPrimitiveProp : propSchema","            invariant(isPropSchema(propSchema), \"expected prop schema as second argument\")","            invariant(!isAliasedPropSchema(propSchema), \"provided prop is already aliased\")","            return {","                jsonname: name,","                serializer: propSchema.serializer,","                deserializer: propSchema.deserializer,","                identifier: isIdentifierPropSchema(propSchema)","            }","        }","","        /**","         * Can be used to create simple custom propSchema.","         *","         * @example","         * var schema = _.createSimpleSchema({","         *   a: _.custom(","         *     function(v) { return v + 2 },","         *     function(v) { return v - 2 }","         *   )","         * })","         * t.deepEqual(_.serialize(s, { a: 4 }), { a: 6 })","         * t.deepEqual(_.deserialize(s, { a: 6 }), { a: 4 })","         *","         * @param {function} serializer function that takes a model value and turns it into a json value","         * @param {function} deserializer function that takes a json value and turns it into a model value","         * @returns {PropSchema}","         */","        function custom(serializer, deserializer) {","            invariant(typeof serializer === \"function\", \"first argument should be function\")","            invariant(typeof deserializer === \"function\", \"second argument should be function\")","            return {","                serializer: serializer,","                deserializer: function (jsonValue, done) {","                    done(null, deserializer(jsonValue))","                }","            }","        }","","        /**","         * `object` indicates that this property contains an object that needs to be (de)serialized","         * using its own model schema.","         *","         * N.B. mind issues with circular dependencies when importing model schema's from other files! The module resolve algorithm might expose classes before `createModelSchema` is executed for the target class.","         *","         * @example","         *","         * class SubTask{}","         * class Todo{}","         *","         * createModelSchema(SubTask, {","         *   title: true","         * });","         * createModelSchema(Todo, {","         *   title: true,","         *   subTask: object(SubTask)","         * });","         *","         * const todo = deserialize(Todo, {","         *   title: \"Task\",","         *   subTask: {","         *     title: \"Sub task\"","         *   }","         * });","         *","         * @param {ModelSchema} modelSchema to be used to (de)serialize the object","         * @returns {PropSchema}","         */","        function object(modelSchema) {","            invariant(typeof modelSchema === \"object\" || typeof modelSchema === \"function\", \"No modelschema provided. If you are importing it from another file be aware of circular dependencies.\")","            return {","                serializer: function (item) {","                    modelSchema = getDefaultModelSchema(modelSchema)","                    invariant(isModelSchema(modelSchema), \"expected modelSchema, got \" + modelSchema)","                    if (item === null || item === undefined)","                        return item","                    return serialize(modelSchema, item)","                },","                deserializer: function (childJson, done, context) {","                    modelSchema = getDefaultModelSchema(modelSchema)","                    invariant(isModelSchema(modelSchema), \"expected modelSchema, got \" + modelSchema)","                    if (childJson === null || childJson === undefined)","                        return void done(null, childJson)","                    return void deserializeObjectWithSchema(context, modelSchema, childJson, done)","                }","            }","        }","","        /**","         * `reference` can be used to (de)serialize references that point to other models.","         *","         * The first parameter should be either a ModelSchema that has an `identifier()` property (see identifier)","         * or a string that represents which attribute in the target object represents the identifier of the object.","         *","         * The second parameter is a lookup function that is invoked during deserialization to resolve an identifier to","         * an object. Its signature should be as follows:","         *","         * `lookupFunction(identifier, callback, context)` where:","         * 1. `identifier` is the identifier being resolved","         * 2. `callback` is a node style calblack function to be invoked with the found object (as second arg) or an error (first arg)","         * 3. `context` see context.","         *","         * The lookupFunction is optional. If it is not provided, it will try to find an object of the expected type and required identifier within the same JSON document","         *","         * N.B. mind issues with circular dependencies when importing model schemas from other files! The module resolve algorithm might expose classes before `createModelSchema` is executed for the target class.","         *","         * @example","         *","         *","         * class User{}","         * class Post{}","         *","         * createModelSchema(User, {","         *   uuid: identifier(),","         *   displayname: primitive()","         * })","         *","         * createModelSchema(Post, {","         *   author: reference(User, findUserById),","         *   message: primitive()","         * })","         *","         * function findUserById(uuid, callback) {","         *   fetch(\"http://host/user/\" + uuid)","         *     .then((userData) => {","         *       deserialize(User, userData, callback)","         *     })","         *     .catch(callback)","         * }","         *","         * deserialize(","         *   Post,","         *   {","         *     message: \"Hello World\",","         *     author: 234","         *   },","         *   (err, post) => {","         *     console.log(post)","         *   }","         * )","         *","         * @param target: ModelSchema or string","         * @param {RefLookupFunction} lookupFn function","         * @returns {PropSchema}","         */","        function reference(target, lookupFn) {","            invariant(!!target, \"No modelschema provided. If you are importing it from another file be aware of circular dependencies.\")","            var initialized = false","            var childIdentifierAttribute","            function initialize() {","                initialized = true","                invariant(typeof target !== \"string\" || lookupFn, \"if the reference target is specified by attribute name, a lookup function is required\")","                invariant(!lookupFn || typeof lookupFn === \"function\", \"second argument should be a lookup function\")","                if (typeof target === \"string\")","                    childIdentifierAttribute = target","                else {","                    var modelSchema = getDefaultModelSchema(target)","                    invariant(isModelSchema(modelSchema), \"expected model schema or string as first argument for 'ref', got \" + modelSchema)","                    lookupFn = lookupFn || createDefaultRefLookup(modelSchema)","                    childIdentifierAttribute = getIdentifierProp(modelSchema)","                    invariant(!!childIdentifierAttribute, \"provided model schema doesn't define an identifier() property and cannot be used by 'ref'.\")","                }","            }","            return {","                serializer: function (item) {","                    if (!initialized)","                        initialize()","                    return item ? item[childIdentifierAttribute] : null","                },","                deserializer: function(identifierValue, done, context) {","                    if (!initialized)","                        initialize()","                    if (identifierValue === null || identifierValue === undefined)","                        done(null, identifierValue)","                    else","                        lookupFn(identifierValue, done, context)","                }","            }","        }","","        function createDefaultRefLookup(modelSchema) {","            return function resolve(uuid, cb, context) {","                context.rootContext.await(modelSchema, uuid, cb)","            }","        }","","        /**","         * List indicates that this property contains a list of things.","         * Accepts a sub model schema to serialize the contents","         *","         * @example","         *","         * class SubTask{}","         * class Task{}","         * class Todo{}","         *","         * createModelSchema(SubTask, {","         *   title: true","         * })","         * createModelSchema(Todo, {","         *   title: true,","         *   subTask: list(object(SubTask))","         * })","         *","         * const todo = deserialize(Todo, {","         *   title: \"Task\",","         *   subTask: [{","         *     title: \"Sub task 1\"","         *   }]","         * })","         *","         * @param {PropSchema} propSchema to be used to (de)serialize the contents of the array","         * @returns {PropSchema}","         */","","        function list(propSchema) {","            propSchema = propSchema || _defaultPrimitiveProp","            invariant(isPropSchema(propSchema), \"expected prop schema as second argument\")","            invariant(!isAliasedPropSchema(propSchema), \"provided prop is aliased, please put aliases first\")","            return {","                serializer: function (ar) {","                    invariant(ar && \"length\" in ar && \"map\" in ar, \"expected array (like) object\")","                    return ar.map(propSchema.serializer)","                },","                deserializer: function(jsonArray, done, context) {","                    if (!Array.isArray(jsonArray))","                        return void done(\"[serializr] expected JSON array\")","                    parallel(","                        jsonArray,","                        function (item, itemDone) {","                            return propSchema.deserializer(item, itemDone, context)","                        },","                        done","                    )","                }","            }","        }","","        function isMapLike(thing) {","            return thing && typeof thing.keys === \"function\" && typeof thing.clear === \"function\"","        }","","        /**","         * Similar to list, but map represents a string keyed dynamic collection.","         * This can be both plain objects (default) or ES6 Map like structures.","         * This will be inferred from the initial value of the targetted attribute.","         *","         * @param {*} propSchema","         * @returns","         */","        function map(propSchema) {","            propSchema = propSchema || _defaultPrimitiveProp","            invariant(isPropSchema(propSchema), \"expected prop schema as second argument\")","            invariant(!isAliasedPropSchema(propSchema), \"provided prop is aliased, please put aliases first\")","            return {","                serializer: function (m) {","                    invariant(m && typeof m === \"object\", \"expected object or Map\")","                    var isMap = isMapLike(m)","                    var result = {}","                    if (isMap)","                        m.forEach(function(value, key) {","                            result[key] = propSchema.serializer(value)","                        })","                    else for (var key in m)","                        result[key] = propSchema.serializer(m[key])","                    return result","                },","                deserializer: function(jsonObject, done, context, oldValue) {","                    if (!jsonObject || typeof jsonObject !== \"object\")","                        return void done(\"[serializr] expected JSON object\")","                    var keys = Object.keys(jsonObject)","                    list(propSchema).deserializer(","                        keys.map(function (key) {","                            return jsonObject[key]","                        }),","                        function (err, values) {","                            if (err)","                                return void done(err)","                            var isMap = isMapLike(oldValue)","                            var newValue","                            if (isMap) {","                                // if the oldValue is a map, we recycle it","                                // there are many variations and this way we don't have to","                                // know about the original constructor","                                oldValue.clear()","                                newValue = oldValue","                            } else","                                newValue = {}","                            for (var i = 0, l = keys.length; i < l; i++)","                                if (isMap)","                                    newValue.set(keys[i], values[i])","                                else","                                    newValue[keys[i]] = values[i]","                            done(null, newValue)","                        },","                        context","                    )","                }","            }","        }","","/*"," * UMD shizzle"," */","        return {","            createModelSchema: createModelSchema,","            createSimpleSchema: createSimpleSchema,","            setDefaultModelSchema: setDefaultModelSchema,","            getDefaultModelSchema: getDefaultModelSchema,","            serializable: serializable,","            serialize: serialize,","            serializeAll: serializeAll,","            deserialize: deserialize,","            update: update,","            primitive: primitive,","            identifier: identifier,","            date: date,","            alias: alias,","            list: list,","            map: map,","            object: object,","            child: object, // deprecate","            reference: reference,","            ref: reference, // deprecate","            custom: custom,","            SKIP: SKIP","        }","    }","","    // UMD","    if (typeof exports === \"object\") {","        module.exports = mrFactory()","    } else if (typeof define === \"function\" && define.amd) {","        define(\"serializr\", [], mrFactory)","    } else {","        g.serializr = mrFactory()","    }","})(function() { return this }())",""],"l":{"1":1,"4":1,"6":1,"10":1,"11":0,"12":0,"15":1,"16":0,"17":0,"18":0,"19":0,"20":0,"22":0,"26":1,"27":0,"28":0,"31":1,"33":0,"34":0,"35":0,"36":0,"37":0,"38":0,"39":0,"40":0,"41":0,"42":0,"45":0,"46":0,"47":0,"50":0,"51":0,"55":1,"56":0,"57":0,"58":0,"128":1,"129":0,"131":0,"161":1,"162":0,"163":0,"164":0,"167":0,"172":0,"173":0,"174":0,"175":0,"177":0,"178":0,"210":1,"211":0,"213":0,"214":0,"215":0,"218":0,"223":1,"224":1,"225":1,"226":0,"227":0,"228":0,"229":0,"230":0,"233":1,"234":0,"236":0,"237":0,"240":0,"241":0,"242":0,"243":0,"244":0,"245":0,"246":0,"247":0,"249":0,"250":1,"251":0,"253":0,"254":0,"255":0,"256":0,"257":0,"258":0,"259":0,"263":0,"267":0,"268":0,"270":0,"271":0,"272":0,"274":0,"275":0,"277":0,"278":0,"279":0,"297":1,"298":0,"300":0,"301":0,"302":0,"303":0,"306":0,"307":0,"316":1,"317":0,"318":0,"319":0,"320":0,"321":0,"322":0,"323":0,"324":0,"339":1,"340":0,"341":0,"344":1,"345":0,"348":1,"349":0,"352":1,"353":0,"356":1,"357":0,"360":1,"361":0,"363":0,"364":0,"365":0,"366":0,"367":0,"369":0,"372":1,"373":0,"374":0,"375":0,"376":0,"378":0,"394":1,"395":0,"396":0,"397":0,"398":0,"399":0,"400":0,"401":0,"402":0,"403":0,"404":0,"406":0,"407":0,"408":0,"409":0,"411":0,"414":1,"415":0,"416":0,"417":0,"418":0,"419":0,"422":0,"424":0,"425":0,"426":0,"427":0,"428":0,"429":0,"431":0,"432":0,"433":0,"434":0,"435":0,"436":0,"437":0,"439":0,"441":0,"444":1,"445":0,"446":0,"448":0,"449":0,"470":1,"471":0,"472":0,"473":0,"474":0,"475":0,"476":0,"479":0,"481":0,"485":0,"487":0,"490":1,"491":0,"492":0,"493":0,"494":0,"496":0,"498":0,"499":0,"500":0,"501":0,"502":0,"505":1,"506":0,"507":0,"508":0,"509":0,"510":0,"511":0,"512":0,"513":0,"515":0,"516":0,"517":0,"518":0,"519":0,"520":0,"521":0,"522":0,"528":0,"529":0,"538":1,"539":0,"540":0,"541":0,"542":0,"545":1,"546":0,"547":0,"549":0,"550":0,"554":1,"555":0,"556":0,"557":0,"558":0,"559":0,"560":0,"561":0,"562":0,"563":0,"564":0,"565":0,"566":0,"567":0,"568":0,"570":0,"571":0,"574":1,"575":0,"577":0,"578":0,"579":0,"580":0,"581":0,"583":0,"584":0,"585":0,"586":0,"588":0,"591":0,"596":0,"604":1,"605":0,"606":0,"607":0,"608":0,"610":0,"611":0,"613":0,"614":0,"615":0,"616":0,"624":1,"625":0,"626":0,"627":0,"628":0,"631":0,"632":0,"633":0,"634":0,"635":0,"636":0,"637":0,"657":1,"658":0,"662":0,"663":0,"664":0,"665":0,"666":0,"667":0,"669":0,"671":0,"672":0,"673":0,"674":0,"675":0,"676":0,"677":0,"684":1,"700":1,"701":1,"703":0,"704":0,"707":0,"708":0,"709":0,"751":1,"752":0,"753":0,"757":0,"758":0,"759":0,"760":0,"761":0,"767":1,"768":0,"776":1,"778":0,"780":0,"781":0,"782":0,"783":0,"786":0,"787":0,"788":0,"810":1,"811":0,"812":0,"813":0,"814":0,"815":0,"840":1,"841":0,"842":0,"843":0,"846":0,"880":1,"881":0,"882":0,"884":0,"885":0,"886":0,"887":0,"888":0,"891":0,"892":0,"893":0,"894":0,"895":0,"957":1,"958":0,"959":0,"960":0,"961":1,"962":0,"963":0,"964":0,"965":0,"966":0,"968":0,"969":0,"970":0,"971":0,"972":0,"975":0,"977":0,"978":0,"979":0,"982":0,"983":0,"984":0,"985":0,"987":0,"992":1,"993":0,"994":0,"1027":1,"1028":0,"1029":0,"1030":0,"1031":0,"1033":0,"1034":0,"1037":0,"1038":0,"1039":0,"1042":0,"1050":1,"1051":0,"1062":1,"1063":0,"1064":0,"1065":0,"1066":0,"1068":0,"1069":0,"1070":0,"1071":0,"1072":0,"1073":0,"1075":0,"1076":0,"1077":0,"1080":0,"1081":0,"1082":0,"1083":0,"1085":0,"1088":0,"1089":0,"1090":0,"1091":0,"1092":0,"1096":0,"1097":0,"1099":0,"1100":0,"1101":0,"1102":0,"1104":0,"1105":0,"1116":1,"1142":1,"1143":1,"1144":0,"1145":0,"1147":0,"1149":1}}}